<?xml version="1.0" encoding="UTF-8"?>
<testng-results ignored="0" total="2" passed="2" failed="0" skipped="0">
  <reporter-output>
  </reporter-output>
  <suite started-at="2026-03-27T10:11:29 IST" name="Surefire suite" finished-at="2026-03-27T10:11:36 IST" duration-ms="6934">
    <groups>
    </groups>
    <test started-at="2026-03-27T10:11:29 IST" name="Surefire test" finished-at="2026-03-27T10:11:36 IST" duration-ms="6934">
      <class name="com.testing.FirstTest">
        <test-method is-config="true" signature="setUp()[pri:0, instance:com.testing.FirstTest@971d0d8]" started-at="2026-03-27T10:11:29 IST" name="setUp" finished-at="2026-03-27T10:11:32 IST" duration-ms="3735" status="PASS">
          <reporter-output>
          </reporter-output>
        </test-method> <!-- setUp -->
        <test-method signature="verifyLoginFormVisible()[pri:0, instance:com.testing.FirstTest@971d0d8]" started-at="2026-03-27T10:11:32 IST" name="verifyLoginFormVisible" finished-at="2026-03-27T10:11:33 IST" duration-ms="384" status="PASS">
          <reporter-output>
          </reporter-output>
        </test-method> <!-- verifyLoginFormVisible -->
        <test-method is-config="true" signature="tearDown()[pri:0, instance:com.testing.FirstTest@971d0d8]" started-at="2026-03-27T10:11:33 IST" name="tearDown" finished-at="2026-03-27T10:11:33 IST" duration-ms="217" status="PASS">
          <reporter-output>
          </reporter-output>
        </test-method> <!-- tearDown -->
        <test-method is-config="true" signature="setUp()[pri:0, instance:com.testing.FirstTest@971d0d8]" started-at="2026-03-27T10:11:33 IST" name="setUp" finished-at="2026-03-27T10:11:35 IST" duration-ms="2119" status="PASS">
          <reporter-output>
          </reporter-output>
        </test-method> <!-- setUp -->
        <test-method signature="verifyPageTitle()[pri:0, instance:com.testing.FirstTest@971d0d8]" started-at="2026-03-27T10:11:35 IST" name="verifyPageTitle" finished-at="2026-03-27T10:11:35 IST" duration-ms="278" status="PASS">
          <reporter-output>
          </reporter-output>
        </test-method> <!-- verifyPageTitle -->
        <test-method is-config="true" signature="tearDown()[pri:0, instance:com.testing.FirstTest@971d0d8]" started-at="2026-03-27T10:11:35 IST" name="tearDown" finished-at="2026-03-27T10:11:36 IST" duration-ms="168" status="PASS">
          <reporter-output>
          </reporter-output>
        </test-method> <!-- tearDown -->
      </class> <!-- com.testing.FirstTest -->
    </test> <!-- Surefire test -->
  </suite> <!-- Surefire suite -->
</testng-results>
