<?xml version="1.0" encoding="UTF-8"?>
<testsuite xmlns:xsi="http://www.w3.org/2001/XMLSchema-instance" xsi:noNamespaceSchemaLocation="https://maven.apache.org/surefire/maven-surefire-plugin/xsd/surefire-test-report.xsd" version="3.0.2" name="com.training.onetomany.OneToManyUnidirectionalTests" time="0.263" tests="5" errors="0" skipped="0" failures="0">
  <properties>
[...]
</properties>
  <testcase name="employee_hasNoDepartmentReference_unidirectionalLimitation" classname="com.training.onetomany.OneToManyUnidirectionalTests" time="0.016">
    <system-out><![CDATA[2026-03-02T11:14:25.267+05:30  INFO 67918 --- [week5-01-jpa-entity-relationships-03012026] [           main] t.c.s.AnnotationConfigContextLoaderUtils : Could not detect default configuration classes for test class [com.training.onetomany.OneToManyUnidirectionalTests]: OneToManyUnidirectionalTests does not declare any static, non-private, non-final, nested classes annotated with @Configuration.
2026-03-02T11:14:25.280+05:30  INFO 67918 --- [week5-01-jpa-entity-relationships-03012026] [           main] .b.t.c.SpringBootTestContextBootstrapper : Found @SpringBootConfiguration com.training.JpaEntityRelationshipsApplication for test class com.training.onetomany.OneToManyUnidirectionalTests

  .   ____          _            __ _ _
 /\\ / ___'_ __ _ _(_)_ __  __ _ \ \ \ \
( ( )\___ | '_ | '_| | '_ \/ _` | \ \ \ \
 \\/  ___)| |_)| | | | | || (_| |  ) ) ) )
  '  |____| .__|_| |_|_| |_\__, | / / / /
 =========|_|==============|___/=/_/_/_/

 :: Spring Boot ::                (v3.4.1)

2026-03-02T11:14:25.295+05:30  INFO 67918 --- [week5-01-jpa-entity-relationships-03012026] [           main] c.t.o.OneToManyUnidirectionalTests       : Starting OneToManyUnidirectionalTests using Java 23 with PID 67918 (started by vishalshah in /Users/vishalshah/reva-java-0202-batch/week5-01-jpa-entity-relationships-03012026)
2026-03-02T11:14:25.295+05:30  INFO 67918 --- [week5-01-jpa-entity-relationships-03012026] [           main] c.t.o.OneToManyUnidirectionalTests       : No active profile set, falling back to 1 default profile: "default"
2026-03-02T11:14:25.342+05:30  INFO 67918 --- [week5-01-jpa-entity-relationships-03012026] [           main] .s.d.r.c.RepositoryConfigurationDelegate : Bootstrapping Spring Data JPA repositories in DEFAULT mode.
2026-03-02T11:14:25.346+05:30  INFO 67918 --- [week5-01-jpa-entity-relationships-03012026] [           main] .s.d.r.c.RepositoryConfigurationDelegate : Finished Spring Data repository scanning in 3 ms. Found 2 JPA repository interfaces.
2026-03-02T11:14:25.359+05:30  INFO 67918 --- [week5-01-jpa-entity-relationships-03012026] [           main] beddedDataSourceBeanFactoryPostProcessor : Replacing 'dataSource' DataSource bean with embedded version
2026-03-02T11:14:25.366+05:30  INFO 67918 --- [week5-01-jpa-entity-relationships-03012026] [           main] o.s.j.d.e.EmbeddedDatabaseFactory        : Starting embedded database: url='jdbc:h2:mem:ef3d36eb-7243-4651-92c8-3e2f704a4238;DB_CLOSE_DELAY=-1;DB_CLOSE_ON_EXIT=false', username='sa'
2026-03-02T11:14:25.376+05:30  INFO 67918 --- [week5-01-jpa-entity-relationships-03012026] [           main] o.hibernate.jpa.internal.util.LogHelper  : HHH000204: Processing PersistenceUnitInfo [name: default]
2026-03-02T11:14:25.378+05:30  INFO 67918 --- [week5-01-jpa-entity-relationships-03012026] [           main] o.h.c.internal.RegionFactoryInitiator    : HHH000026: Second-level cache disabled
2026-03-02T11:14:25.383+05:30  INFO 67918 --- [week5-01-jpa-entity-relationships-03012026] [           main] o.s.o.j.p.SpringPersistenceUnitInfo      : No LoadTimeWeaver setup: ignoring JPA class transformer
2026-03-02T11:14:25.384+05:30  INFO 67918 --- [week5-01-jpa-entity-relationships-03012026] [           main] org.hibernate.orm.connections.pooling    : HHH10001005: Database info:
	Database JDBC URL [Connecting through datasource 'org.springframework.jdbc.datasource.embedded.EmbeddedDatabaseFactory$EmbeddedDataSourceProxy@12f52ca4']
	Database driver: undefined/unknown
	Database version: 2.3.232
	Autocommit mode: undefined/unknown
	Isolation level: undefined/unknown
	Minimum pool size: undefined/unknown
	Maximum pool size: undefined/unknown
2026-03-02T11:14:25.423+05:30  INFO 67918 --- [week5-01-jpa-entity-relationships-03012026] [           main] o.h.e.t.j.p.i.JtaPlatformInitiator       : HHH000489: No JTA platform available (set 'hibernate.transaction.jta.platform' to enable JTA platform integration)
&amp#27;[35m[Hibernate]&amp#27;[0m 
    &amp#27;[34mcreate&amp#27;[0m &amp#27;[34mtable&amp#27;[0m otm_uni_departments (
        dept_id &amp#27;[34mbigint&amp#27;[0m generated &amp#27;[34mby&amp#27;[0m &amp#27;[34mdefault&amp#27;[0m &amp#27;[34mas&amp#27;[0m &amp#27;[34midentity&amp#27;[0m,
        dept_name &amp#27;[34mvarchar&amp#27;[0m(255) &amp#27;[34mnot&amp#27;[0m &amp#27;[34mnull&amp#27;[0m,
        location &amp#27;[34mvarchar&amp#27;[0m(255),
        &amp#27;[34mprimary&amp#27;[0m &amp#27;[34mkey&amp#27;[0m (dept_id)
    )
&amp#27;[35m[Hibernate]&amp#27;[0m 
    &amp#27;[34mcreate&amp#27;[0m &amp#27;[34mtable&amp#27;[0m otm_uni_employees (
        emp_id &amp#27;[34mbigint&amp#27;[0m generated &amp#27;[34mby&amp#27;[0m &amp#27;[34mdefault&amp#27;[0m &amp#27;[34mas&amp#27;[0m &amp#27;[34midentity&amp#27;[0m,
        city &amp#27;[34mvarchar&amp#27;[0m(255),
        name &amp#27;[34mvarchar&amp#27;[0m(255) &amp#27;[34mnot&amp#27;[0m &amp#27;[34mnull&amp#27;[0m,
        salary &amp#27;[34mfloat&amp#27;[0m(53),
        fk_dept_id &amp#27;[34mbigint&amp#27;[0m,
        &amp#27;[34mprimary&amp#27;[0m &amp#27;[34mkey&amp#27;[0m (emp_id)
    )
&amp#27;[35m[Hibernate]&amp#27;[0m 
    &amp#27;[34malter&amp#27;[0m &amp#27;[34mtable&amp#27;[0m &amp#27;[34mif&amp#27;[0m &amp#27;[34mexists&amp#27;[0m otm_uni_employees 
       &amp#27;[34madd&amp#27;[0m &amp#27;[34mconstraint&amp#27;[0m FK3g3ysxfl0q3l87xtn0cn7av0d 
       &amp#27;[34mforeign&amp#27;[0m &amp#27;[34mkey&amp#27;[0m (fk_dept_id) 
       &amp#27;[34mreferences&amp#27;[0m otm_uni_departments
2026-03-02T11:14:25.428+05:30  INFO 67918 --- [week5-01-jpa-entity-relationships-03012026] [           main] j.LocalContainerEntityManagerFactoryBean : Initialized JPA EntityManagerFactory for persistence unit 'default'
2026-03-02T11:14:25.464+05:30  INFO 67918 --- [week5-01-jpa-entity-relationships-03012026] [           main] c.t.o.OneToManyUnidirectionalTests       : Started OneToManyUnidirectionalTests in 0.182 seconds (process running for 6.12)
&amp#27;[35m[Hibernate]&amp#27;[0m 
    &amp#27;[34minsert&amp#27;[0m 
    &amp#27;[34minto&amp#27;[0m
        otm_uni_departments
        (dept_name, location, dept_id) 
    &amp#27;[34mvalues&amp#27;[0m
        (?, ?, &amp#27;[34mdefault&amp#27;[0m)
&amp#27;[35m[Hibernate]&amp#27;[0m 
    &amp#27;[34minsert&amp#27;[0m 
    &amp#27;[34minto&amp#27;[0m
        otm_uni_employees
        (city, name, salary, emp_id) 
    &amp#27;[34mvalues&amp#27;[0m
        (?, ?, ?, &amp#27;[34mdefault&amp#27;[0m)
&amp#27;[35m[Hibernate]&amp#27;[0m 
    &amp#27;[34mupdate&amp#27;[0m
        otm_uni_employees 
    &amp#27;[34mset&amp#27;[0m
        fk_dept_id=? 
    &amp#27;[34mwhere&amp#27;[0m
        emp_id=?
&amp#27;[35m[Hibernate]&amp#27;[0m 
    &amp#27;[34mselect&amp#27;[0m
        d1_0.dept_id,
        d1_0.dept_name,
        d1_0.location 
    &amp#27;[34mfrom&amp#27;[0m
        otm_uni_departments d1_0 
    &amp#27;[34mwhere&amp#27;[0m
        d1_0.dept_name=?
&amp#27;[35m[Hibernate]&amp#27;[0m 
    &amp#27;[34mselect&amp#27;[0m
        e1_0.fk_dept_id,
        e1_0.emp_id,
        e1_0.city,
        e1_0.name,
        e1_0.salary 
    &amp#27;[34mfrom&amp#27;[0m
        otm_uni_employees e1_0 
    &amp#27;[34mwhere&amp#27;[0m
        e1_0.fk_dept_id=?

[TEST] Can navigate: Department -> Employees: [Employee{empId=1, name='Henry', city='Chennai', salary=65000.0}]
[TEST] Employee class has no department reference (unidirectional by design)
[TEST] Employee: Employee{empId=1, name='Henry', city='Chennai', salary=65000.0}
[TEST] To get employee's dept, use: dept.getEmployees().contains(emp)
]]></system-out>
  </testcase>
  <testcase name="saveDepartment_withEmployees_shouldCascadePersistAllEmployees" classname="com.training.onetomany.OneToManyUnidirectionalTests" time="0.007">
    <system-out><![CDATA[&amp#27;[35m[Hibernate]&amp#27;[0m 
    &amp#27;[34minsert&amp#27;[0m 
    &amp#27;[34minto&amp#27;[0m
        otm_uni_departments
        (dept_name, location, dept_id) 
    &amp#27;[34mvalues&amp#27;[0m
        (?, ?, &amp#27;[34mdefault&amp#27;[0m)
&amp#27;[35m[Hibernate]&amp#27;[0m 
    &amp#27;[34minsert&amp#27;[0m 
    &amp#27;[34minto&amp#27;[0m
        otm_uni_employees
        (city, name, salary, emp_id) 
    &amp#27;[34mvalues&amp#27;[0m
        (?, ?, ?, &amp#27;[34mdefault&amp#27;[0m)
&amp#27;[35m[Hibernate]&amp#27;[0m 
    &amp#27;[34minsert&amp#27;[0m 
    &amp#27;[34minto&amp#27;[0m
        otm_uni_employees
        (city, name, salary, emp_id) 
    &amp#27;[34mvalues&amp#27;[0m
        (?, ?, ?, &amp#27;[34mdefault&amp#27;[0m)
&amp#27;[35m[Hibernate]&amp#27;[0m 
    &amp#27;[34minsert&amp#27;[0m 
    &amp#27;[34minto&amp#27;[0m
        otm_uni_employees
        (city, name, salary, emp_id) 
    &amp#27;[34mvalues&amp#27;[0m
        (?, ?, ?, &amp#27;[34mdefault&amp#27;[0m)
&amp#27;[35m[Hibernate]&amp#27;[0m 
    &amp#27;[34mupdate&amp#27;[0m
        otm_uni_employees 
    &amp#27;[34mset&amp#27;[0m
        fk_dept_id=? 
    &amp#27;[34mwhere&amp#27;[0m
        emp_id=?
&amp#27;[35m[Hibernate]&amp#27;[0m 
    &amp#27;[34mupdate&amp#27;[0m
        otm_uni_employees 
    &amp#27;[34mset&amp#27;[0m
        fk_dept_id=? 
    &amp#27;[34mwhere&amp#27;[0m
        emp_id=?
&amp#27;[35m[Hibernate]&amp#27;[0m 
    &amp#27;[34mupdate&amp#27;[0m
        otm_uni_employees 
    &amp#27;[34mset&amp#27;[0m
        fk_dept_id=? 
    &amp#27;[34mwhere&amp#27;[0m
        emp_id=?
&amp#27;[35m[Hibernate]&amp#27;[0m 
    &amp#27;[34mselect&amp#27;[0m
        d1_0.dept_id,
        d1_0.dept_name,
        d1_0.location 
    &amp#27;[34mfrom&amp#27;[0m
        otm_uni_departments d1_0 
    &amp#27;[34mwhere&amp#27;[0m
        d1_0.dept_id=?
&amp#27;[35m[Hibernate]&amp#27;[0m 
    &amp#27;[34mselect&amp#27;[0m
        e1_0.fk_dept_id,
        e1_0.emp_id,
        e1_0.city,
        e1_0.name,
        e1_0.salary 
    &amp#27;[34mfrom&amp#27;[0m
        otm_uni_employees e1_0 
    &amp#27;[34mwhere&amp#27;[0m
        e1_0.fk_dept_id=?

[TEST] Saved department: Engineering
[TEST] Employees cascaded: 3
  -> Employee{empId=2, name='Alice', city='Pune', salary=60000.0}
  -> Employee{empId=3, name='Bob', city='Mumbai', salary=55000.0}
  -> Employee{empId=4, name='Carol', city='Delhi', salary=70000.0}

[TEST] NOTE: Check SQL output above - you'll see INSERT + UPDATE statements
[TEST] Unidirectional @OneToMany issues extra UPDATEs to set FK column
]]></system-out>
  </testcase>
  <testcase name="deleteDepartment_shouldCascadeDeleteAllEmployees" classname="com.training.onetomany.OneToManyUnidirectionalTests" time="0.015">
    <system-out><![CDATA[&amp#27;[35m[Hibernate]&amp#27;[0m 
    &amp#27;[34minsert&amp#27;[0m 
    &amp#27;[34minto&amp#27;[0m
        otm_uni_departments
        (dept_name, location, dept_id) 
    &amp#27;[34mvalues&amp#27;[0m
        (?, ?, &amp#27;[34mdefault&amp#27;[0m)
&amp#27;[35m[Hibernate]&amp#27;[0m 
    &amp#27;[34minsert&amp#27;[0m 
    &amp#27;[34minto&amp#27;[0m
        otm_uni_employees
        (city, name, salary, emp_id) 
    &amp#27;[34mvalues&amp#27;[0m
        (?, ?, ?, &amp#27;[34mdefault&amp#27;[0m)
&amp#27;[35m[Hibernate]&amp#27;[0m 
    &amp#27;[34minsert&amp#27;[0m 
    &amp#27;[34minto&amp#27;[0m
        otm_uni_employees
        (city, name, salary, emp_id) 
    &amp#27;[34mvalues&amp#27;[0m
        (?, ?, ?, &amp#27;[34mdefault&amp#27;[0m)
&amp#27;[35m[Hibernate]&amp#27;[0m 
    &amp#27;[34mupdate&amp#27;[0m
        otm_uni_employees 
    &amp#27;[34mset&amp#27;[0m
        fk_dept_id=? 
    &amp#27;[34mwhere&amp#27;[0m
        emp_id=?
&amp#27;[35m[Hibernate]&amp#27;[0m 
    &amp#27;[34mupdate&amp#27;[0m
        otm_uni_employees 
    &amp#27;[34mset&amp#27;[0m
        fk_dept_id=? 
    &amp#27;[34mwhere&amp#27;[0m
        emp_id=?
&amp#27;[35m[Hibernate]&amp#27;[0m 
    &amp#27;[34mselect&amp#27;[0m
        count(*) 
    &amp#27;[34mfrom&amp#27;[0m
        otm_uni_employees e1_0
&amp#27;[35m[Hibernate]&amp#27;[0m 
    &amp#27;[34mselect&amp#27;[0m
        d1_0.dept_id,
        d1_0.dept_name,
        d1_0.location 
    &amp#27;[34mfrom&amp#27;[0m
        otm_uni_departments d1_0 
    &amp#27;[34mwhere&amp#27;[0m
        d1_0.dept_id=?
&amp#27;[35m[Hibernate]&amp#27;[0m 
    &amp#27;[34mselect&amp#27;[0m
        e1_0.fk_dept_id,
        e1_0.emp_id,
        e1_0.city,
        e1_0.name,
        e1_0.salary 
    &amp#27;[34mfrom&amp#27;[0m
        otm_uni_employees e1_0 
    &amp#27;[34mwhere&amp#27;[0m
        e1_0.fk_dept_id=?
&amp#27;[35m[Hibernate]&amp#27;[0m 
    &amp#27;[34mupdate&amp#27;[0m
        otm_uni_employees 
    &amp#27;[34mset&amp#27;[0m
        fk_dept_id=&amp#27;[34mnull&amp#27;[0m 
    &amp#27;[34mwhere&amp#27;[0m
        fk_dept_id=?
&amp#27;[35m[Hibernate]&amp#27;[0m 
    &amp#27;[34mdelete&amp#27;[0m 
    &amp#27;[34mfrom&amp#27;[0m
        otm_uni_employees 
    &amp#27;[34mwhere&amp#27;[0m
        emp_id=?
&amp#27;[35m[Hibernate]&amp#27;[0m 
    &amp#27;[34mdelete&amp#27;[0m 
    &amp#27;[34mfrom&amp#27;[0m
        otm_uni_employees 
    &amp#27;[34mwhere&amp#27;[0m
        emp_id=?
&amp#27;[35m[Hibernate]&amp#27;[0m 
    &amp#27;[34mdelete&amp#27;[0m 
    &amp#27;[34mfrom&amp#27;[0m
        otm_uni_departments 
    &amp#27;[34mwhere&amp#27;[0m
        dept_id=?
&amp#27;[35m[Hibernate]&amp#27;[0m 
    &amp#27;[34mselect&amp#27;[0m
        d1_0.dept_id,
        d1_0.dept_name,
        d1_0.location 
    &amp#27;[34mfrom&amp#27;[0m
        otm_uni_departments d1_0 
    &amp#27;[34mwhere&amp#27;[0m
        d1_0.dept_id=?
&amp#27;[35m[Hibernate]&amp#27;[0m 
    &amp#27;[34mselect&amp#27;[0m
        count(*) 
    &amp#27;[34mfrom&amp#27;[0m
        otm_uni_employees e1_0

[TEST] Deleted department 'Sales' -> also deleted 2 employees via cascade
]]></system-out>
  </testcase>
  <testcase name="verifyFKIsInEmployeesTable" classname="com.training.onetomany.OneToManyUnidirectionalTests" time="0.01">
    <system-out><![CDATA[&amp#27;[35m[Hibernate]&amp#27;[0m 
    &amp#27;[34minsert&amp#27;[0m 
    &amp#27;[34minto&amp#27;[0m
        otm_uni_departments
        (dept_name, location, dept_id) 
    &amp#27;[34mvalues&amp#27;[0m
        (?, ?, &amp#27;[34mdefault&amp#27;[0m)
&amp#27;[35m[Hibernate]&amp#27;[0m 
    &amp#27;[34minsert&amp#27;[0m 
    &amp#27;[34minto&amp#27;[0m
        otm_uni_employees
        (city, name, salary, emp_id) 
    &amp#27;[34mvalues&amp#27;[0m
        (?, ?, ?, &amp#27;[34mdefault&amp#27;[0m)
&amp#27;[35m[Hibernate]&amp#27;[0m 
    &amp#27;[34minsert&amp#27;[0m 
    &amp#27;[34minto&amp#27;[0m
        otm_uni_employees
        (city, name, salary, emp_id) 
    &amp#27;[34mvalues&amp#27;[0m
        (?, ?, ?, &amp#27;[34mdefault&amp#27;[0m)
&amp#27;[35m[Hibernate]&amp#27;[0m 
    &amp#27;[34minsert&amp#27;[0m 
    &amp#27;[34minto&amp#27;[0m
        otm_uni_departments
        (dept_name, location, dept_id) 
    &amp#27;[34mvalues&amp#27;[0m
        (?, ?, &amp#27;[34mdefault&amp#27;[0m)
&amp#27;[35m[Hibernate]&amp#27;[0m 
    &amp#27;[34minsert&amp#27;[0m 
    &amp#27;[34minto&amp#27;[0m
        otm_uni_employees
        (city, name, salary, emp_id) 
    &amp#27;[34mvalues&amp#27;[0m
        (?, ?, ?, &amp#27;[34mdefault&amp#27;[0m)
&amp#27;[35m[Hibernate]&amp#27;[0m 
    &amp#27;[34mupdate&amp#27;[0m
        otm_uni_employees 
    &amp#27;[34mset&amp#27;[0m
        fk_dept_id=? 
    &amp#27;[34mwhere&amp#27;[0m
        emp_id=?
&amp#27;[35m[Hibernate]&amp#27;[0m 
    &amp#27;[34mupdate&amp#27;[0m
        otm_uni_employees 
    &amp#27;[34mset&amp#27;[0m
        fk_dept_id=? 
    &amp#27;[34mwhere&amp#27;[0m
        emp_id=?
&amp#27;[35m[Hibernate]&amp#27;[0m 
    &amp#27;[34mupdate&amp#27;[0m
        otm_uni_employees 
    &amp#27;[34mset&amp#27;[0m
        fk_dept_id=? 
    &amp#27;[34mwhere&amp#27;[0m
        emp_id=?
&amp#27;[35m[Hibernate]&amp#27;[0m 
    &amp#27;[34mselect&amp#27;[0m
        d1_0.dept_id,
        d1_0.dept_name,
        d1_0.location 
    &amp#27;[34mfrom&amp#27;[0m
        otm_uni_departments d1_0 
    &amp#27;[34mwhere&amp#27;[0m
        d1_0.dept_name=?
&amp#27;[35m[Hibernate]&amp#27;[0m 
    &amp#27;[34mselect&amp#27;[0m
        d1_0.dept_id,
        d1_0.dept_name,
        d1_0.location 
    &amp#27;[34mfrom&amp#27;[0m
        otm_uni_departments d1_0 
    &amp#27;[34mwhere&amp#27;[0m
        d1_0.dept_name=?
&amp#27;[35m[Hibernate]&amp#27;[0m 
    &amp#27;[34mselect&amp#27;[0m
        e1_0.fk_dept_id,
        e1_0.emp_id,
        e1_0.city,
        e1_0.name,
        e1_0.salary 
    &amp#27;[34mfrom&amp#27;[0m
        otm_uni_employees e1_0 
    &amp#27;[34mwhere&amp#27;[0m
        e1_0.fk_dept_id=?
&amp#27;[35m[Hibernate]&amp#27;[0m 
    &amp#27;[34mselect&amp#27;[0m
        e1_0.fk_dept_id,
        e1_0.emp_id,
        e1_0.city,
        e1_0.name,
        e1_0.salary 
    &amp#27;[34mfrom&amp#27;[0m
        otm_uni_employees e1_0 
    &amp#27;[34mwhere&amp#27;[0m
        e1_0.fk_dept_id=?
&amp#27;[35m[Hibernate]&amp#27;[0m 
    &amp#27;[34mselect&amp#27;[0m
        count(*) 
    &amp#27;[34mfrom&amp#27;[0m
        otm_uni_employees e1_0

[TEST] HR dept employees (FK=1): 2
[TEST] Finance dept employees (FK=2): 1
[TEST] All FK values stored in otm_uni_employees.fk_dept_id column
]]></system-out>
  </testcase>
  <testcase name="removeEmployee_fromDeptList_shouldDeleteViaOrphanRemoval" classname="com.training.onetomany.OneToManyUnidirectionalTests" time="0.012">
    <system-out><![CDATA[&amp#27;[35m[Hibernate]&amp#27;[0m 
    &amp#27;[34minsert&amp#27;[0m 
    &amp#27;[34minto&amp#27;[0m
        otm_uni_departments
        (dept_name, location, dept_id) 
    &amp#27;[34mvalues&amp#27;[0m
        (?, ?, &amp#27;[34mdefault&amp#27;[0m)
&amp#27;[35m[Hibernate]&amp#27;[0m 
    &amp#27;[34minsert&amp#27;[0m 
    &amp#27;[34minto&amp#27;[0m
        otm_uni_employees
        (city, name, salary, emp_id) 
    &amp#27;[34mvalues&amp#27;[0m
        (?, ?, ?, &amp#27;[34mdefault&amp#27;[0m)
&amp#27;[35m[Hibernate]&amp#27;[0m 
    &amp#27;[34minsert&amp#27;[0m 
    &amp#27;[34minto&amp#27;[0m
        otm_uni_employees
        (city, name, salary, emp_id) 
    &amp#27;[34mvalues&amp#27;[0m
        (?, ?, ?, &amp#27;[34mdefault&amp#27;[0m)
&amp#27;[35m[Hibernate]&amp#27;[0m 
    &amp#27;[34mupdate&amp#27;[0m
        otm_uni_employees 
    &amp#27;[34mset&amp#27;[0m
        fk_dept_id=? 
    &amp#27;[34mwhere&amp#27;[0m
        emp_id=?
&amp#27;[35m[Hibernate]&amp#27;[0m 
    &amp#27;[34mupdate&amp#27;[0m
        otm_uni_employees 
    &amp#27;[34mset&amp#27;[0m
        fk_dept_id=? 
    &amp#27;[34mwhere&amp#27;[0m
        emp_id=?
&amp#27;[35m[Hibernate]&amp#27;[0m 
    &amp#27;[34mselect&amp#27;[0m
        d1_0.dept_id,
        d1_0.dept_name,
        d1_0.location 
    &amp#27;[34mfrom&amp#27;[0m
        otm_uni_departments d1_0 
    &amp#27;[34mwhere&amp#27;[0m
        d1_0.dept_id=?
&amp#27;[35m[Hibernate]&amp#27;[0m 
    &amp#27;[34mselect&amp#27;[0m
        e1_0.fk_dept_id,
        e1_0.emp_id,
        e1_0.city,
        e1_0.name,
        e1_0.salary 
    &amp#27;[34mfrom&amp#27;[0m
        otm_uni_employees e1_0 
    &amp#27;[34mwhere&amp#27;[0m
        e1_0.fk_dept_id=?
&amp#27;[35m[Hibernate]&amp#27;[0m 
    &amp#27;[34mupdate&amp#27;[0m
        otm_uni_employees 
    &amp#27;[34mset&amp#27;[0m
        fk_dept_id=&amp#27;[34mnull&amp#27;[0m 
    &amp#27;[34mwhere&amp#27;[0m
        fk_dept_id=? 
        &amp#27;[34mand&amp#27;[0m emp_id=?
&amp#27;[35m[Hibernate]&amp#27;[0m 
    &amp#27;[34mdelete&amp#27;[0m 
    &amp#27;[34mfrom&amp#27;[0m
        otm_uni_employees 
    &amp#27;[34mwhere&amp#27;[0m
        emp_id=?
&amp#27;[35m[Hibernate]&amp#27;[0m 
    &amp#27;[34mselect&amp#27;[0m
        d1_0.dept_id,
        d1_0.dept_name,
        d1_0.location 
    &amp#27;[34mfrom&amp#27;[0m
        otm_uni_departments d1_0 
    &amp#27;[34mwhere&amp#27;[0m
        d1_0.dept_id=?
&amp#27;[35m[Hibernate]&amp#27;[0m 
    &amp#27;[34mselect&amp#27;[0m
        e1_0.fk_dept_id,
        e1_0.emp_id,
        e1_0.city,
        e1_0.name,
        e1_0.salary 
    &amp#27;[34mfrom&amp#27;[0m
        otm_uni_employees e1_0 
    &amp#27;[34mwhere&amp#27;[0m
        e1_0.fk_dept_id=?
&amp#27;[35m[Hibernate]&amp#27;[0m 
    &amp#27;[34mselect&amp#27;[0m
        e1_0.emp_id,
        e1_0.city,
        e1_0.name,
        e1_0.salary 
    &amp#27;[34mfrom&amp#27;[0m
        otm_uni_employees e1_0 
    &amp#27;[34mwhere&amp#27;[0m
        e1_0.emp_id=?

[TEST] Removed employee from dept list -> orphanRemoval deleted it from DB
[TEST] Remaining employees: 1
]]></system-out>
  </testcase>
</testsuite>