<?xml version="1.0" encoding="UTF-8"?>
<testsuite xmlns:xsi="http://www.w3.org/2001/XMLSchema-instance" xsi:noNamespaceSchemaLocation="https://maven.apache.org/surefire/maven-surefire-plugin/xsd/surefire-test-report.xsd" version="3.0.2" name="com.training.manytoone.ManyToOneTests" time="0.204" tests="6" errors="0" skipped="0" failures="0">
  <properties>
[...]
</properties>
  <testcase name="findEmployeesByDeptName_springDataTraversesRelationship" classname="com.training.manytoone.ManyToOneTests" time="0.014">
    <system-out><![CDATA[2026-03-02T11:14:25.773+05:30  INFO 67918 --- [week5-01-jpa-entity-relationships-03012026] [           main] t.c.s.AnnotationConfigContextLoaderUtils : Could not detect default configuration classes for test class [com.training.manytoone.ManyToOneTests]: ManyToOneTests does not declare any static, non-private, non-final, nested classes annotated with @Configuration.
2026-03-02T11:14:25.791+05:30  INFO 67918 --- [week5-01-jpa-entity-relationships-03012026] [           main] .b.t.c.SpringBootTestContextBootstrapper : Found @SpringBootConfiguration com.training.JpaEntityRelationshipsApplication for test class com.training.manytoone.ManyToOneTests

  .   ____          _            __ _ _
 /\\ / ___'_ __ _ _(_)_ __  __ _ \ \ \ \
( ( )\___ | '_ | '_| | '_ \/ _` | \ \ \ \
 \\/  ___)| |_)| | | | | || (_| |  ) ) ) )
  '  |____| .__|_| |_|_| |_\__, | / / / /
 =========|_|==============|___/=/_/_/_/

 :: Spring Boot ::                (v3.4.1)

2026-03-02T11:14:25.802+05:30  INFO 67918 --- [week5-01-jpa-entity-relationships-03012026] [           main] com.training.manytoone.ManyToOneTests    : Starting ManyToOneTests using Java 23 with PID 67918 (started by vishalshah in /Users/vishalshah/reva-java-0202-batch/week5-01-jpa-entity-relationships-03012026)
2026-03-02T11:14:25.802+05:30  INFO 67918 --- [week5-01-jpa-entity-relationships-03012026] [           main] com.training.manytoone.ManyToOneTests    : No active profile set, falling back to 1 default profile: "default"
2026-03-02T11:14:25.828+05:30  INFO 67918 --- [week5-01-jpa-entity-relationships-03012026] [           main] .s.d.r.c.RepositoryConfigurationDelegate : Bootstrapping Spring Data JPA repositories in DEFAULT mode.
2026-03-02T11:14:25.832+05:30  INFO 67918 --- [week5-01-jpa-entity-relationships-03012026] [           main] .s.d.r.c.RepositoryConfigurationDelegate : Finished Spring Data repository scanning in 3 ms. Found 2 JPA repository interfaces.
2026-03-02T11:14:25.842+05:30  INFO 67918 --- [week5-01-jpa-entity-relationships-03012026] [           main] beddedDataSourceBeanFactoryPostProcessor : Replacing 'dataSource' DataSource bean with embedded version
2026-03-02T11:14:25.847+05:30  INFO 67918 --- [week5-01-jpa-entity-relationships-03012026] [           main] o.s.j.d.e.EmbeddedDatabaseFactory        : Starting embedded database: url='jdbc:h2:mem:062cd1b1-0292-418c-80b2-ea1871a1d49c;DB_CLOSE_DELAY=-1;DB_CLOSE_ON_EXIT=false', username='sa'
2026-03-02T11:14:25.859+05:30  INFO 67918 --- [week5-01-jpa-entity-relationships-03012026] [           main] o.hibernate.jpa.internal.util.LogHelper  : HHH000204: Processing PersistenceUnitInfo [name: default]
2026-03-02T11:14:25.860+05:30  INFO 67918 --- [week5-01-jpa-entity-relationships-03012026] [           main] o.h.c.internal.RegionFactoryInitiator    : HHH000026: Second-level cache disabled
2026-03-02T11:14:25.864+05:30  INFO 67918 --- [week5-01-jpa-entity-relationships-03012026] [           main] o.s.o.j.p.SpringPersistenceUnitInfo      : No LoadTimeWeaver setup: ignoring JPA class transformer
2026-03-02T11:14:25.865+05:30  INFO 67918 --- [week5-01-jpa-entity-relationships-03012026] [           main] org.hibernate.orm.connections.pooling    : HHH10001005: Database info:
	Database JDBC URL [Connecting through datasource 'org.springframework.jdbc.datasource.embedded.EmbeddedDatabaseFactory$EmbeddedDataSourceProxy@2f75c413']
	Database driver: undefined/unknown
	Database version: 2.3.232
	Autocommit mode: undefined/unknown
	Isolation level: undefined/unknown
	Minimum pool size: undefined/unknown
	Maximum pool size: undefined/unknown
2026-03-02T11:14:25.887+05:30  INFO 67918 --- [week5-01-jpa-entity-relationships-03012026] [           main] o.h.e.t.j.p.i.JtaPlatformInitiator       : HHH000489: No JTA platform available (set 'hibernate.transaction.jta.platform' to enable JTA platform integration)
&amp#27;[35m[Hibernate]&amp#27;[0m 
    &amp#27;[34mcreate&amp#27;[0m &amp#27;[34mtable&amp#27;[0m mto_departments (
        dept_id &amp#27;[34mbigint&amp#27;[0m generated &amp#27;[34mby&amp#27;[0m &amp#27;[34mdefault&amp#27;[0m &amp#27;[34mas&amp#27;[0m &amp#27;[34midentity&amp#27;[0m,
        dept_name &amp#27;[34mvarchar&amp#27;[0m(255) &amp#27;[34mnot&amp#27;[0m &amp#27;[34mnull&amp#27;[0m,
        location &amp#27;[34mvarchar&amp#27;[0m(255),
        &amp#27;[34mprimary&amp#27;[0m &amp#27;[34mkey&amp#27;[0m (dept_id)
    )
&amp#27;[35m[Hibernate]&amp#27;[0m 
    &amp#27;[34mcreate&amp#27;[0m &amp#27;[34mtable&amp#27;[0m mto_employees (
        emp_id &amp#27;[34mbigint&amp#27;[0m generated &amp#27;[34mby&amp#27;[0m &amp#27;[34mdefault&amp#27;[0m &amp#27;[34mas&amp#27;[0m &amp#27;[34midentity&amp#27;[0m,
        city &amp#27;[34mvarchar&amp#27;[0m(255),
        name &amp#27;[34mvarchar&amp#27;[0m(255) &amp#27;[34mnot&amp#27;[0m &amp#27;[34mnull&amp#27;[0m,
        salary &amp#27;[34mfloat&amp#27;[0m(53),
        fk_dept_id &amp#27;[34mbigint&amp#27;[0m &amp#27;[34mnot&amp#27;[0m &amp#27;[34mnull&amp#27;[0m,
        &amp#27;[34mprimary&amp#27;[0m &amp#27;[34mkey&amp#27;[0m (emp_id)
    )
&amp#27;[35m[Hibernate]&amp#27;[0m 
    &amp#27;[34malter&amp#27;[0m &amp#27;[34mtable&amp#27;[0m &amp#27;[34mif&amp#27;[0m &amp#27;[34mexists&amp#27;[0m mto_departments 
       &amp#27;[34mdrop&amp#27;[0m &amp#27;[34mconstraint&amp#27;[0m &amp#27;[34mif&amp#27;[0m &amp#27;[34mexists&amp#27;[0m UK637soe6fcwb9n0vy1bm2q62bu
&amp#27;[35m[Hibernate]&amp#27;[0m 
    &amp#27;[34malter&amp#27;[0m &amp#27;[34mtable&amp#27;[0m &amp#27;[34mif&amp#27;[0m &amp#27;[34mexists&amp#27;[0m mto_departments 
       &amp#27;[34madd&amp#27;[0m &amp#27;[34mconstraint&amp#27;[0m UK637soe6fcwb9n0vy1bm2q62bu &amp#27;[34munique&amp#27;[0m (dept_name)
&amp#27;[35m[Hibernate]&amp#27;[0m 
    &amp#27;[34malter&amp#27;[0m &amp#27;[34mtable&amp#27;[0m &amp#27;[34mif&amp#27;[0m &amp#27;[34mexists&amp#27;[0m mto_employees 
       &amp#27;[34madd&amp#27;[0m &amp#27;[34mconstraint&amp#27;[0m FK67jjoiiw3jvk492obealot4hl 
       &amp#27;[34mforeign&amp#27;[0m &amp#27;[34mkey&amp#27;[0m (fk_dept_id) 
       &amp#27;[34mreferences&amp#27;[0m mto_departments
2026-03-02T11:14:25.890+05:30  INFO 67918 --- [week5-01-jpa-entity-relationships-03012026] [           main] j.LocalContainerEntityManagerFactoryBean : Initialized JPA EntityManagerFactory for persistence unit 'default'
2026-03-02T11:14:25.920+05:30  INFO 67918 --- [week5-01-jpa-entity-relationships-03012026] [           main] com.training.manytoone.ManyToOneTests    : Started ManyToOneTests in 0.127 seconds (process running for 6.577)
&amp#27;[35m[Hibernate]&amp#27;[0m 
    &amp#27;[34minsert&amp#27;[0m 
    &amp#27;[34minto&amp#27;[0m
        mto_departments
        (dept_name, location, dept_id) 
    &amp#27;[34mvalues&amp#27;[0m
        (?, ?, &amp#27;[34mdefault&amp#27;[0m)
&amp#27;[35m[Hibernate]&amp#27;[0m 
    &amp#27;[34minsert&amp#27;[0m 
    &amp#27;[34minto&amp#27;[0m
        mto_departments
        (dept_name, location, dept_id) 
    &amp#27;[34mvalues&amp#27;[0m
        (?, ?, &amp#27;[34mdefault&amp#27;[0m)
&amp#27;[35m[Hibernate]&amp#27;[0m 
    &amp#27;[34minsert&amp#27;[0m 
    &amp#27;[34minto&amp#27;[0m
        mto_employees
        (city, fk_dept_id, name, salary, emp_id) 
    &amp#27;[34mvalues&amp#27;[0m
        (?, ?, ?, ?, &amp#27;[34mdefault&amp#27;[0m)
&amp#27;[35m[Hibernate]&amp#27;[0m 
    &amp#27;[34minsert&amp#27;[0m 
    &amp#27;[34minto&amp#27;[0m
        mto_employees
        (city, fk_dept_id, name, salary, emp_id) 
    &amp#27;[34mvalues&amp#27;[0m
        (?, ?, ?, ?, &amp#27;[34mdefault&amp#27;[0m)
&amp#27;[35m[Hibernate]&amp#27;[0m 
    &amp#27;[34minsert&amp#27;[0m 
    &amp#27;[34minto&amp#27;[0m
        mto_employees
        (city, fk_dept_id, name, salary, emp_id) 
    &amp#27;[34mvalues&amp#27;[0m
        (?, ?, ?, ?, &amp#27;[34mdefault&amp#27;[0m)
&amp#27;[35m[Hibernate]&amp#27;[0m 
    &amp#27;[34mselect&amp#27;[0m
        e1_0.emp_id,
        e1_0.city,
        e1_0.fk_dept_id,
        e1_0.name,
        e1_0.salary 
    &amp#27;[34mfrom&amp#27;[0m
        mto_employees e1_0 
    &amp#27;[34mleft&amp#27;[0m &amp#27;[34mjoin&amp#27;[0m
        mto_departments d1_0 
            &amp#27;[34mon&amp#27;[0m d1_0.dept_id=e1_0.fk_dept_id 
    &amp#27;[34mwhere&amp#27;[0m
        d1_0.dept_name=?
&amp#27;[35m[Hibernate]&amp#27;[0m 
    &amp#27;[34mselect&amp#27;[0m
        e1_0.emp_id,
        e1_0.city,
        e1_0.fk_dept_id,
        e1_0.name,
        e1_0.salary 
    &amp#27;[34mfrom&amp#27;[0m
        mto_employees e1_0 
    &amp#27;[34mleft&amp#27;[0m &amp#27;[34mjoin&amp#27;[0m
        mto_departments d1_0 
            &amp#27;[34mon&amp#27;[0m d1_0.dept_id=e1_0.fk_dept_id 
    &amp#27;[34mwhere&amp#27;[0m
        d1_0.dept_name=?

[TEST] HR employees found by dept name: 2
[TEST] IT employees found by dept name: 1
[TEST] Spring Data JPA auto-generates the JOIN query!
]]></system-out>
  </testcase>
  <testcase name="saveOrder_departmentFirst_thenEmployee" classname="com.training.manytoone.ManyToOneTests" time="0.005">
    <system-out><![CDATA[&amp#27;[35m[Hibernate]&amp#27;[0m 
    &amp#27;[34minsert&amp#27;[0m 
    &amp#27;[34minto&amp#27;[0m
        mto_departments
        (dept_name, location, dept_id) 
    &amp#27;[34mvalues&amp#27;[0m
        (?, ?, &amp#27;[34mdefault&amp#27;[0m)

[TEST] Step 1: Department saved, ID = 3
&amp#27;[35m[Hibernate]&amp#27;[0m 
    &amp#27;[34minsert&amp#27;[0m 
    &amp#27;[34minto&amp#27;[0m
        mto_employees
        (city, fk_dept_id, name, salary, emp_id) 
    &amp#27;[34mvalues&amp#27;[0m
        (?, ?, ?, ?, &amp#27;[34mdefault&amp#27;[0m)
[TEST] Step 2: Employee saved, dept FK = 3
&amp#27;[35m[Hibernate]&amp#27;[0m 
    &amp#27;[34mselect&amp#27;[0m
        e1_0.emp_id,
        e1_0.city,
        e1_0.fk_dept_id,
        e1_0.name,
        e1_0.salary 
    &amp#27;[34mfrom&amp#27;[0m
        mto_employees e1_0 
    &amp#27;[34mwhere&amp#27;[0m
        e1_0.emp_id=?
&amp#27;[35m[Hibernate]&amp#27;[0m 
    &amp#27;[34mselect&amp#27;[0m
        d1_0.dept_id,
        d1_0.dept_name,
        d1_0.location 
    &amp#27;[34mfrom&amp#27;[0m
        mto_departments d1_0 
    &amp#27;[34mwhere&amp#27;[0m
        d1_0.dept_id=?
[TEST] Verified: Employee FK points to Department: Department{deptId=3, deptName='Engineering', location='Bangalore'}
]]></system-out>
  </testcase>
  <testcase name="manyEmployees_sameOneDepartment_singleFK" classname="com.training.manytoone.ManyToOneTests" time="0.007">
    <system-out><![CDATA[&amp#27;[35m[Hibernate]&amp#27;[0m 
    &amp#27;[34minsert&amp#27;[0m 
    &amp#27;[34minto&amp#27;[0m
        mto_departments
        (dept_name, location, dept_id) 
    &amp#27;[34mvalues&amp#27;[0m
        (?, ?, &amp#27;[34mdefault&amp#27;[0m)
&amp#27;[35m[Hibernate]&amp#27;[0m 
    &amp#27;[34minsert&amp#27;[0m 
    &amp#27;[34minto&amp#27;[0m
        mto_employees
        (city, fk_dept_id, name, salary, emp_id) 
    &amp#27;[34mvalues&amp#27;[0m
        (?, ?, ?, ?, &amp#27;[34mdefault&amp#27;[0m)
&amp#27;[35m[Hibernate]&amp#27;[0m 
    &amp#27;[34minsert&amp#27;[0m 
    &amp#27;[34minto&amp#27;[0m
        mto_employees
        (city, fk_dept_id, name, salary, emp_id) 
    &amp#27;[34mvalues&amp#27;[0m
        (?, ?, ?, ?, &amp#27;[34mdefault&amp#27;[0m)
&amp#27;[35m[Hibernate]&amp#27;[0m 
    &amp#27;[34minsert&amp#27;[0m 
    &amp#27;[34minto&amp#27;[0m
        mto_employees
        (city, fk_dept_id, name, salary, emp_id) 
    &amp#27;[34mvalues&amp#27;[0m
        (?, ?, ?, ?, &amp#27;[34mdefault&amp#27;[0m)
&amp#27;[35m[Hibernate]&amp#27;[0m 
    &amp#27;[34mselect&amp#27;[0m
        e1_0.emp_id,
        e1_0.city,
        e1_0.fk_dept_id,
        e1_0.name,
        e1_0.salary 
    &amp#27;[34mfrom&amp#27;[0m
        mto_employees e1_0 
    &amp#27;[34mleft&amp#27;[0m &amp#27;[34mjoin&amp#27;[0m
        mto_departments d1_0 
            &amp#27;[34mon&amp#27;[0m d1_0.dept_id=e1_0.fk_dept_id 
    &amp#27;[34mwhere&amp#27;[0m
        d1_0.dept_id=?
&amp#27;[35m[Hibernate]&amp#27;[0m 
    &amp#27;[34mselect&amp#27;[0m
        d1_0.dept_id,
        d1_0.dept_name,
        d1_0.location 
    &amp#27;[34mfrom&amp#27;[0m
        mto_departments d1_0 
    &amp#27;[34mwhere&amp#27;[0m
        d1_0.dept_id=?

[TEST] 3 employees all belong to Marketing dept
[TEST] All share the same FK value in fk_dept_id column
  -> Employee{empId=5, name='Bob', city='Mumbai', salary=45000.0}
  -> Employee{empId=6, name='Carol', city='Pune', salary=48000.0}
  -> Employee{empId=7, name='Dave', city='Delhi', salary=52000.0}
]]></system-out>
  </testcase>
  <testcase name="joinFetch_loadsEmployeeAndDeptInOneQuery" classname="com.training.manytoone.ManyToOneTests" time="0.01">
    <system-out><![CDATA[&amp#27;[35m[Hibernate]&amp#27;[0m 
    &amp#27;[34minsert&amp#27;[0m 
    &amp#27;[34minto&amp#27;[0m
        mto_departments
        (dept_name, location, dept_id) 
    &amp#27;[34mvalues&amp#27;[0m
        (?, ?, &amp#27;[34mdefault&amp#27;[0m)
&amp#27;[35m[Hibernate]&amp#27;[0m 
    &amp#27;[34minsert&amp#27;[0m 
    &amp#27;[34minto&amp#27;[0m
        mto_departments
        (dept_name, location, dept_id) 
    &amp#27;[34mvalues&amp#27;[0m
        (?, ?, &amp#27;[34mdefault&amp#27;[0m)
&amp#27;[35m[Hibernate]&amp#27;[0m 
    &amp#27;[34minsert&amp#27;[0m 
    &amp#27;[34minto&amp#27;[0m
        mto_employees
        (city, fk_dept_id, name, salary, emp_id) 
    &amp#27;[34mvalues&amp#27;[0m
        (?, ?, ?, ?, &amp#27;[34mdefault&amp#27;[0m)
&amp#27;[35m[Hibernate]&amp#27;[0m 
    &amp#27;[34minsert&amp#27;[0m 
    &amp#27;[34minto&amp#27;[0m
        mto_employees
        (city, fk_dept_id, name, salary, emp_id) 
    &amp#27;[34mvalues&amp#27;[0m
        (?, ?, ?, ?, &amp#27;[34mdefault&amp#27;[0m)
&amp#27;[35m[Hibernate]&amp#27;[0m 
    &amp#27;[34mselect&amp#27;[0m
        e1_0.emp_id,
        e1_0.city,
        e1_0.fk_dept_id,
        d1_0.dept_id,
        d1_0.dept_name,
        d1_0.location,
        e1_0.name,
        e1_0.salary 
    &amp#27;[34mfrom&amp#27;[0m
        mto_employees e1_0 
    &amp#27;[34mjoin&amp#27;[0m
        mto_departments d1_0 
            &amp#27;[34mon&amp#27;[0m d1_0.dept_id=e1_0.fk_dept_id

[TEST] JOIN FETCH loaded 2 employees with departments
[TEST] Only ONE SQL query executed (check above SQL output)
[TEST] This solves the N+1 problem for bulk operations
]]></system-out>
  </testcase>
  <testcase name="transferEmployee_toDifferentDepartment_updatesFKValue" classname="com.training.manytoone.ManyToOneTests" time="0.008">
    <system-out><![CDATA[&amp#27;[35m[Hibernate]&amp#27;[0m 
    &amp#27;[34minsert&amp#27;[0m 
    &amp#27;[34minto&amp#27;[0m
        mto_departments
        (dept_name, location, dept_id) 
    &amp#27;[34mvalues&amp#27;[0m
        (?, ?, &amp#27;[34mdefault&amp#27;[0m)
&amp#27;[35m[Hibernate]&amp#27;[0m 
    &amp#27;[34minsert&amp#27;[0m 
    &amp#27;[34minto&amp#27;[0m
        mto_departments
        (dept_name, location, dept_id) 
    &amp#27;[34mvalues&amp#27;[0m
        (?, ?, &amp#27;[34mdefault&amp#27;[0m)
&amp#27;[35m[Hibernate]&amp#27;[0m 
    &amp#27;[34minsert&amp#27;[0m 
    &amp#27;[34minto&amp#27;[0m
        mto_employees
        (city, fk_dept_id, name, salary, emp_id) 
    &amp#27;[34mvalues&amp#27;[0m
        (?, ?, ?, ?, &amp#27;[34mdefault&amp#27;[0m)
&amp#27;[35m[Hibernate]&amp#27;[0m 
    &amp#27;[34mselect&amp#27;[0m
        e1_0.emp_id,
        e1_0.city,
        e1_0.fk_dept_id,
        e1_0.name,
        e1_0.salary 
    &amp#27;[34mfrom&amp#27;[0m
        mto_employees e1_0 
    &amp#27;[34mwhere&amp#27;[0m
        e1_0.emp_id=?
&amp#27;[35m[Hibernate]&amp#27;[0m 
    &amp#27;[34mupdate&amp#27;[0m
        mto_employees 
    &amp#27;[34mset&amp#27;[0m
        city=?,
        fk_dept_id=?,
        name=?,
        salary=? 
    &amp#27;[34mwhere&amp#27;[0m
        emp_id=?
&amp#27;[35m[Hibernate]&amp#27;[0m 
    &amp#27;[34mselect&amp#27;[0m
        e1_0.emp_id,
        e1_0.city,
        e1_0.fk_dept_id,
        e1_0.name,
        e1_0.salary 
    &amp#27;[34mfrom&amp#27;[0m
        mto_employees e1_0 
    &amp#27;[34mwhere&amp#27;[0m
        e1_0.emp_id=?
&amp#27;[35m[Hibernate]&amp#27;[0m 
    &amp#27;[34mselect&amp#27;[0m
        d1_0.dept_id,
        d1_0.dept_name,
        d1_0.location 
    &amp#27;[34mfrom&amp#27;[0m
        mto_departments d1_0 
    &amp#27;[34mwhere&amp#27;[0m
        d1_0.dept_id=?

[TEST] Employee transferred: Engineering -> Management
[TEST] FK (fk_dept_id) updated in employees table
]]></system-out>
  </testcase>
  <testcase name="findEmployees_bySalaryRange" classname="com.training.manytoone.ManyToOneTests" time="0.007">
    <system-out><![CDATA[&amp#27;[35m[Hibernate]&amp#27;[0m 
    &amp#27;[34minsert&amp#27;[0m 
    &amp#27;[34minto&amp#27;[0m
        mto_departments
        (dept_name, location, dept_id) 
    &amp#27;[34mvalues&amp#27;[0m
        (?, ?, &amp#27;[34mdefault&amp#27;[0m)
&amp#27;[35m[Hibernate]&amp#27;[0m 
    &amp#27;[34minsert&amp#27;[0m 
    &amp#27;[34minto&amp#27;[0m
        mto_employees
        (city, fk_dept_id, name, salary, emp_id) 
    &amp#27;[34mvalues&amp#27;[0m
        (?, ?, ?, ?, &amp#27;[34mdefault&amp#27;[0m)
&amp#27;[35m[Hibernate]&amp#27;[0m 
    &amp#27;[34minsert&amp#27;[0m 
    &amp#27;[34minto&amp#27;[0m
        mto_employees
        (city, fk_dept_id, name, salary, emp_id) 
    &amp#27;[34mvalues&amp#27;[0m
        (?, ?, ?, ?, &amp#27;[34mdefault&amp#27;[0m)
&amp#27;[35m[Hibernate]&amp#27;[0m 
    &amp#27;[34minsert&amp#27;[0m 
    &amp#27;[34minto&amp#27;[0m
        mto_employees
        (city, fk_dept_id, name, salary, emp_id) 
    &amp#27;[34mvalues&amp#27;[0m
        (?, ?, ?, ?, &amp#27;[34mdefault&amp#27;[0m)
&amp#27;[35m[Hibernate]&amp#27;[0m 
    &amp#27;[34mselect&amp#27;[0m
        e1_0.emp_id,
        e1_0.city,
        e1_0.fk_dept_id,
        e1_0.name,
        e1_0.salary 
    &amp#27;[34mfrom&amp#27;[0m
        mto_employees e1_0 
    &amp#27;[34mwhere&amp#27;[0m
        e1_0.salary &amp#27;[34mbetween&amp#27;[0m ? &amp#27;[34mand&amp#27;[0m ?

[TEST] Salary between 40k-70k: Liam
]]></system-out>
  </testcase>
</testsuite>