<?xml version="1.0" encoding="UTF-8"?>
<testsuite xmlns:xsi="http://www.w3.org/2001/XMLSchema-instance" xsi:noNamespaceSchemaLocation="https://maven.apache.org/surefire/maven-surefire-plugin/xsd/surefire-test-report.xsd" version="3.0.2" name="com.training.onetoone.OneToOneUnidirectionalTests" time="4.324" tests="7" errors="0" skipped="0" failures="0">
  <properties>
[...]
</properties>
  <testcase name="deleteEmployee_shouldCascadeDeleteProfile" classname="com.training.onetoone.OneToOneUnidirectionalTests" time="0.71">
    <system-out><![CDATA[11:26:18.262 [main] INFO org.springframework.test.context.support.AnnotationConfigContextLoaderUtils -- Could not detect default configuration classes for test class [com.training.onetoone.OneToOneUnidirectionalTests]: OneToOneUnidirectionalTests does not declare any static, non-private, non-final, nested classes annotated with @Configuration.
11:26:18.376 [main] INFO org.springframework.boot.test.context.SpringBootTestContextBootstrapper -- Found @SpringBootConfiguration com.training.JpaEntityRelationshipsApplication for test class com.training.onetoone.OneToOneUnidirectionalTests

  .   ____          _            __ _ _
 /\\ / ___'_ __ _ _(_)_ __  __ _ \ \ \ \
( ( )\___ | '_ | '_| | '_ \/ _` | \ \ \ \
 \\/  ___)| |_)| | | | | || (_| |  ) ) ) )
  '  |____| .__|_| |_|_| |_\__, | / / / /
 =========|_|==============|___/=/_/_/_/

 :: Spring Boot ::                (v3.4.1)

2026-03-02T11:26:18.919+05:30  INFO 71857 --- [week5-01-jpa-entity-relationships-03012026] [           main] c.t.o.OneToOneUnidirectionalTests        : Starting OneToOneUnidirectionalTests using Java 23 with PID 71857 (started by vishalshah in /Users/vishalshah/reva-java-0202-batch/week5-01-jpa-entity-relationships-03012026)
2026-03-02T11:26:18.920+05:30  INFO 71857 --- [week5-01-jpa-entity-relationships-03012026] [           main] c.t.o.OneToOneUnidirectionalTests        : No active profile set, falling back to 1 default profile: "default"
2026-03-02T11:26:19.294+05:30  INFO 71857 --- [week5-01-jpa-entity-relationships-03012026] [           main] .s.d.r.c.RepositoryConfigurationDelegate : Bootstrapping Spring Data JPA repositories in DEFAULT mode.
2026-03-02T11:26:19.349+05:30  INFO 71857 --- [week5-01-jpa-entity-relationships-03012026] [           main] .s.d.r.c.RepositoryConfigurationDelegate : Finished Spring Data repository scanning in 43 ms. Found 2 JPA repository interfaces.
2026-03-02T11:26:19.444+05:30  INFO 71857 --- [week5-01-jpa-entity-relationships-03012026] [           main] beddedDataSourceBeanFactoryPostProcessor : Replacing 'dataSource' DataSource bean with embedded version
2026-03-02T11:26:19.626+05:30  INFO 71857 --- [week5-01-jpa-entity-relationships-03012026] [           main] o.s.j.d.e.EmbeddedDatabaseFactory        : Starting embedded database: url='jdbc:h2:mem:d5f65a0b-2245-4f22-b6d8-025d89520a8d;DB_CLOSE_DELAY=-1;DB_CLOSE_ON_EXIT=false', username='sa'
2026-03-02T11:26:19.850+05:30  INFO 71857 --- [week5-01-jpa-entity-relationships-03012026] [           main] o.hibernate.jpa.internal.util.LogHelper  : HHH000204: Processing PersistenceUnitInfo [name: default]
2026-03-02T11:26:19.895+05:30  INFO 71857 --- [week5-01-jpa-entity-relationships-03012026] [           main] org.hibernate.Version                    : HHH000412: Hibernate ORM core version 6.6.4.Final
2026-03-02T11:26:19.966+05:30  INFO 71857 --- [week5-01-jpa-entity-relationships-03012026] [           main] o.h.c.internal.RegionFactoryInitiator    : HHH000026: Second-level cache disabled
2026-03-02T11:26:20.199+05:30  INFO 71857 --- [week5-01-jpa-entity-relationships-03012026] [           main] o.s.o.j.p.SpringPersistenceUnitInfo      : No LoadTimeWeaver setup: ignoring JPA class transformer
2026-03-02T11:26:20.259+05:30  INFO 71857 --- [week5-01-jpa-entity-relationships-03012026] [           main] org.hibernate.orm.connections.pooling    : HHH10001005: Database info:
	Database JDBC URL [Connecting through datasource 'org.springframework.jdbc.datasource.embedded.EmbeddedDatabaseFactory$EmbeddedDataSourceProxy@6b832551']
	Database driver: undefined/unknown
	Database version: 2.3.232
	Autocommit mode: undefined/unknown
	Isolation level: undefined/unknown
	Minimum pool size: undefined/unknown
	Maximum pool size: undefined/unknown
2026-03-02T11:26:21.017+05:30  INFO 71857 --- [week5-01-jpa-entity-relationships-03012026] [           main] o.h.e.t.j.p.i.JtaPlatformInitiator       : HHH000489: No JTA platform available (set 'hibernate.transaction.jta.platform' to enable JTA platform integration)
&amp#27;[35m[Hibernate]&amp#27;[0m 
    &amp#27;[34mcreate&amp#27;[0m &amp#27;[34mtable&amp#27;[0m oto_uni_employees (
        emp_id &amp#27;[34mbigint&amp#27;[0m generated &amp#27;[34mby&amp#27;[0m &amp#27;[34mdefault&amp#27;[0m &amp#27;[34mas&amp#27;[0m &amp#27;[34midentity&amp#27;[0m,
        city &amp#27;[34mvarchar&amp#27;[0m(255),
        name &amp#27;[34mvarchar&amp#27;[0m(255) &amp#27;[34mnot&amp#27;[0m &amp#27;[34mnull&amp#27;[0m,
        fk_profile_id &amp#27;[34mbigint&amp#27;[0m &amp#27;[34mnot&amp#27;[0m &amp#27;[34mnull&amp#27;[0m,
        &amp#27;[34mprimary&amp#27;[0m &amp#27;[34mkey&amp#27;[0m (emp_id)
    )
&amp#27;[35m[Hibernate]&amp#27;[0m 
    &amp#27;[34mcreate&amp#27;[0m &amp#27;[34mtable&amp#27;[0m oto_uni_profiles (
        profile_id &amp#27;[34mbigint&amp#27;[0m generated &amp#27;[34mby&amp#27;[0m &amp#27;[34mdefault&amp#27;[0m &amp#27;[34mas&amp#27;[0m &amp#27;[34midentity&amp#27;[0m,
        bio &amp#27;[34mvarchar&amp#27;[0m(500),
        linkedin_url &amp#27;[34mvarchar&amp#27;[0m(255),
        &amp#27;[34mprimary&amp#27;[0m &amp#27;[34mkey&amp#27;[0m (profile_id)
    )
&amp#27;[35m[Hibernate]&amp#27;[0m 
    &amp#27;[34malter&amp#27;[0m &amp#27;[34mtable&amp#27;[0m &amp#27;[34mif&amp#27;[0m &amp#27;[34mexists&amp#27;[0m oto_uni_employees 
       &amp#27;[34mdrop&amp#27;[0m &amp#27;[34mconstraint&amp#27;[0m &amp#27;[34mif&amp#27;[0m &amp#27;[34mexists&amp#27;[0m UK48u2qqdul6u4snbqlt2joju1p
&amp#27;[35m[Hibernate]&amp#27;[0m 
    &amp#27;[34malter&amp#27;[0m &amp#27;[34mtable&amp#27;[0m &amp#27;[34mif&amp#27;[0m &amp#27;[34mexists&amp#27;[0m oto_uni_employees 
       &amp#27;[34madd&amp#27;[0m &amp#27;[34mconstraint&amp#27;[0m UK48u2qqdul6u4snbqlt2joju1p &amp#27;[34munique&amp#27;[0m (fk_profile_id)
&amp#27;[35m[Hibernate]&amp#27;[0m 
    &amp#27;[34malter&amp#27;[0m &amp#27;[34mtable&amp#27;[0m &amp#27;[34mif&amp#27;[0m &amp#27;[34mexists&amp#27;[0m oto_uni_employees 
       &amp#27;[34madd&amp#27;[0m &amp#27;[34mconstraint&amp#27;[0m FK6dr0sock5sm7276ytr9vnlcp4 
       &amp#27;[34mforeign&amp#27;[0m &amp#27;[34mkey&amp#27;[0m (fk_profile_id) 
       &amp#27;[34mreferences&amp#27;[0m oto_uni_profiles
2026-03-02T11:26:21.068+05:30  INFO 71857 --- [week5-01-jpa-entity-relationships-03012026] [           main] j.LocalContainerEntityManagerFactoryBean : Initialized JPA EntityManagerFactory for persistence unit 'default'
2026-03-02T11:26:21.393+05:30  INFO 71857 --- [week5-01-jpa-entity-relationships-03012026] [           main] c.t.o.OneToOneUnidirectionalTests        : Started OneToOneUnidirectionalTests in 2.954 seconds (process running for 4.653)
&amp#27;[35m[Hibernate]&amp#27;[0m 
    &amp#27;[34minsert&amp#27;[0m 
    &amp#27;[34minto&amp#27;[0m
        oto_uni_profiles
        (bio, linkedin_url, profile_id) 
    &amp#27;[34mvalues&amp#27;[0m
        (?, ?, &amp#27;[34mdefault&amp#27;[0m)
&amp#27;[35m[Hibernate]&amp#27;[0m 
    &amp#27;[34minsert&amp#27;[0m 
    &amp#27;[34minto&amp#27;[0m
        oto_uni_employees
        (city, name, fk_profile_id, emp_id) 
    &amp#27;[34mvalues&amp#27;[0m
        (?, ?, ?, &amp#27;[34mdefault&amp#27;[0m)
&amp#27;[35m[Hibernate]&amp#27;[0m 
    &amp#27;[34mselect&amp#27;[0m
        e1_0.emp_id,
        e1_0.city,
        e1_0.name,
        e1_0.fk_profile_id 
    &amp#27;[34mfrom&amp#27;[0m
        oto_uni_employees e1_0 
    &amp#27;[34mwhere&amp#27;[0m
        e1_0.emp_id=?
&amp#27;[35m[Hibernate]&amp#27;[0m 
    &amp#27;[34mselect&amp#27;[0m
        p1_0.profile_id,
        p1_0.bio,
        p1_0.linkedin_url 
    &amp#27;[34mfrom&amp#27;[0m
        oto_uni_profiles p1_0 
    &amp#27;[34mwhere&amp#27;[0m
        p1_0.profile_id=?
&amp#27;[35m[Hibernate]&amp#27;[0m 
    &amp#27;[34mdelete&amp#27;[0m 
    &amp#27;[34mfrom&amp#27;[0m
        oto_uni_employees 
    &amp#27;[34mwhere&amp#27;[0m
        emp_id=?
&amp#27;[35m[Hibernate]&amp#27;[0m 
    &amp#27;[34mdelete&amp#27;[0m 
    &amp#27;[34mfrom&amp#27;[0m
        oto_uni_profiles 
    &amp#27;[34mwhere&amp#27;[0m
        profile_id=?
&amp#27;[35m[Hibernate]&amp#27;[0m 
    &amp#27;[34mselect&amp#27;[0m
        e1_0.emp_id,
        e1_0.city,
        e1_0.name,
        e1_0.fk_profile_id 
    &amp#27;[34mfrom&amp#27;[0m
        oto_uni_employees e1_0 
    &amp#27;[34mwhere&amp#27;[0m
        e1_0.emp_id=?
&amp#27;[35m[Hibernate]&amp#27;[0m 
    &amp#27;[34mselect&amp#27;[0m
        p1_0.profile_id,
        p1_0.bio,
        p1_0.linkedin_url 
    &amp#27;[34mfrom&amp#27;[0m
        oto_uni_profiles p1_0 
    &amp#27;[34mwhere&amp#27;[0m
        p1_0.profile_id=?

[TEST] Employee deleted. Profile also deleted via CascadeType.ALL
]]></system-out>
    <system-err><![CDATA[Mockito is currently self-attaching to enable the inline-mock-maker. This will no longer work in future releases of the JDK. Please add Mockito as an agent to your build what is described in Mockito's documentation: https://javadoc.io/doc/org.mockito/mockito-core/latest/org/mockito/Mockito.html#0.3
WARNING: A Java agent has been loaded dynamically (/Users/vishalshah/.m2/repository/net/bytebuddy/byte-buddy-agent/1.15.11/byte-buddy-agent-1.15.11.jar)
WARNING: If a serviceability tool is in use, please run with -XX:+EnableDynamicAgentLoading to hide this warning
WARNING: If a serviceability tool is not in use, please run with -Djdk.instrument.traceUsage for more information
WARNING: Dynamic loading of agents will be disallowed by default in a future release
]]></system-err>
  </testcase>
  <testcase name="findEmployee_shouldReturnWithProfileReference" classname="com.training.onetoone.OneToOneUnidirectionalTests" time="0.046">
    <system-out><![CDATA[&amp#27;[35m[Hibernate]&amp#27;[0m 
    &amp#27;[34minsert&amp#27;[0m 
    &amp#27;[34minto&amp#27;[0m
        oto_uni_profiles
        (bio, linkedin_url, profile_id) 
    &amp#27;[34mvalues&amp#27;[0m
        (?, ?, &amp#27;[34mdefault&amp#27;[0m)
&amp#27;[35m[Hibernate]&amp#27;[0m 
    &amp#27;[34minsert&amp#27;[0m 
    &amp#27;[34minto&amp#27;[0m
        oto_uni_employees
        (city, name, fk_profile_id, emp_id) 
    &amp#27;[34mvalues&amp#27;[0m
        (?, ?, ?, &amp#27;[34mdefault&amp#27;[0m)
&amp#27;[35m[Hibernate]&amp#27;[0m 
    &amp#27;[34mselect&amp#27;[0m
        e1_0.emp_id,
        e1_0.city,
        e1_0.name,
        e1_0.fk_profile_id 
    &amp#27;[34mfrom&amp#27;[0m
        oto_uni_employees e1_0 
    &amp#27;[34mwhere&amp#27;[0m
        e1_0.emp_id=?
&amp#27;[35m[Hibernate]&amp#27;[0m 
    &amp#27;[34mselect&amp#27;[0m
        p1_0.profile_id,
        p1_0.bio,
        p1_0.linkedin_url 
    &amp#27;[34mfrom&amp#27;[0m
        oto_uni_profiles p1_0 
    &amp#27;[34mwhere&amp#27;[0m
        p1_0.profile_id=?

[TEST] Found employee: Employee{empId=2, name='Carol', city='Delhi'}
[TEST] Profile via navigation: Profile{profileId=2, bio='Carol's bio', linkedinUrl='linkedin.com/carol'}
]]></system-out>
  </testcase>
  <testcase name="saveEmployee_withProfile_shouldCascadePersistProfile" classname="com.training.onetoone.OneToOneUnidirectionalTests" time="0.023">
    <system-out><![CDATA[&amp#27;[35m[Hibernate]&amp#27;[0m 
    &amp#27;[34minsert&amp#27;[0m 
    &amp#27;[34minto&amp#27;[0m
        oto_uni_profiles
        (bio, linkedin_url, profile_id) 
    &amp#27;[34mvalues&amp#27;[0m
        (?, ?, &amp#27;[34mdefault&amp#27;[0m)
&amp#27;[35m[Hibernate]&amp#27;[0m 
    &amp#27;[34minsert&amp#27;[0m 
    &amp#27;[34minto&amp#27;[0m
        oto_uni_employees
        (city, name, fk_profile_id, emp_id) 
    &amp#27;[34mvalues&amp#27;[0m
        (?, ?, ?, &amp#27;[34mdefault&amp#27;[0m)
&amp#27;[35m[Hibernate]&amp#27;[0m 
    &amp#27;[34mselect&amp#27;[0m
        e1_0.emp_id,
        e1_0.city,
        e1_0.name,
        e1_0.fk_profile_id 
    &amp#27;[34mfrom&amp#27;[0m
        oto_uni_employees e1_0 
    &amp#27;[34mwhere&amp#27;[0m
        e1_0.emp_id=?
&amp#27;[35m[Hibernate]&amp#27;[0m 
    &amp#27;[34mselect&amp#27;[0m
        p1_0.profile_id,
        p1_0.bio,
        p1_0.linkedin_url 
    &amp#27;[34mfrom&amp#27;[0m
        oto_uni_profiles p1_0 
    &amp#27;[34mwhere&amp#27;[0m
        p1_0.profile_id=?

[TEST] Saved Employee: Employee{empId=3, name='Alice', city='Pune'}
[TEST] Auto-saved Profile (via cascade): Profile{profileId=3, bio='Alice's professional bio', linkedinUrl='linkedin.com/alice'}
[TEST] FK in employees table -> fk_profile_id = 3
]]></system-out>
  </testcase>
  <testcase name="saveProfileFirst_thenEmployee_shouldWork" classname="com.training.onetoone.OneToOneUnidirectionalTests" time="0.014">
    <system-out><![CDATA[&amp#27;[35m[Hibernate]&amp#27;[0m 
    &amp#27;[34minsert&amp#27;[0m 
    &amp#27;[34minto&amp#27;[0m
        oto_uni_profiles
        (bio, linkedin_url, profile_id) 
    &amp#27;[34mvalues&amp#27;[0m
        (?, ?, &amp#27;[34mdefault&amp#27;[0m)
&amp#27;[35m[Hibernate]&amp#27;[0m 
    &amp#27;[34minsert&amp#27;[0m 
    &amp#27;[34minto&amp#27;[0m
        oto_uni_employees
        (city, name, fk_profile_id, emp_id) 
    &amp#27;[34mvalues&amp#27;[0m
        (?, ?, ?, &amp#27;[34mdefault&amp#27;[0m)

[TEST] Saved Profile manually: Profile{profileId=4, bio='Bob's bio', linkedinUrl='linkedin.com/bob'}
[TEST] Saved Employee with Profile: Employee{empId=4, name='Bob', city='Mumbai'}
]]></system-out>
  </testcase>
  <testcase name="profileLinkedToOneEmployee_uniqueConstraintEnforced" classname="com.training.onetoone.OneToOneUnidirectionalTests" time="0.017">
    <system-out><![CDATA[&amp#27;[35m[Hibernate]&amp#27;[0m 
    &amp#27;[34minsert&amp#27;[0m 
    &amp#27;[34minto&amp#27;[0m
        oto_uni_profiles
        (bio, linkedin_url, profile_id) 
    &amp#27;[34mvalues&amp#27;[0m
        (?, ?, &amp#27;[34mdefault&amp#27;[0m)
&amp#27;[35m[Hibernate]&amp#27;[0m 
    &amp#27;[34minsert&amp#27;[0m 
    &amp#27;[34minto&amp#27;[0m
        oto_uni_employees
        (city, name, fk_profile_id, emp_id) 
    &amp#27;[34mvalues&amp#27;[0m
        (?, ?, ?, &amp#27;[34mdefault&amp#27;[0m)

[TEST] Profile ID 5 is uniquely linked to Employee: Employee{empId=5, name='Grace', city='Mumbai'}
[TEST] unique=true on @JoinColumn ensures this is a true 1:1 relationship at DB level
]]></system-out>
  </testcase>
  <testcase name="demonstrateUnidirectionalNavigation" classname="com.training.onetoone.OneToOneUnidirectionalTests" time="0.017">
    <system-out><![CDATA[&amp#27;[35m[Hibernate]&amp#27;[0m 
    &amp#27;[34minsert&amp#27;[0m 
    &amp#27;[34minto&amp#27;[0m
        oto_uni_profiles
        (bio, linkedin_url, profile_id) 
    &amp#27;[34mvalues&amp#27;[0m
        (?, ?, &amp#27;[34mdefault&amp#27;[0m)
&amp#27;[35m[Hibernate]&amp#27;[0m 
    &amp#27;[34minsert&amp#27;[0m 
    &amp#27;[34minto&amp#27;[0m
        oto_uni_employees
        (city, name, fk_profile_id, emp_id) 
    &amp#27;[34mvalues&amp#27;[0m
        (?, ?, ?, &amp#27;[34mdefault&amp#27;[0m)
&amp#27;[35m[Hibernate]&amp#27;[0m 
    &amp#27;[34mselect&amp#27;[0m
        e1_0.emp_id,
        e1_0.city,
        e1_0.name,
        e1_0.fk_profile_id 
    &amp#27;[34mfrom&amp#27;[0m
        oto_uni_employees e1_0 
    &amp#27;[34mwhere&amp#27;[0m
        e1_0.emp_id=?
&amp#27;[35m[Hibernate]&amp#27;[0m 
    &amp#27;[34mselect&amp#27;[0m
        p1_0.profile_id,
        p1_0.bio,
        p1_0.linkedin_url 
    &amp#27;[34mfrom&amp#27;[0m
        oto_uni_profiles p1_0 
    &amp#27;[34mwhere&amp#27;[0m
        p1_0.profile_id=?

[TEST] Employee -> Profile navigation: Profile{profileId=6, bio='Dave's bio', linkedinUrl='linkedin.com/dave'}
[TEST] Profile class has no Employee reference (unidirectional design)
[TEST] Profile: Profile{profileId=6, bio='Dave's bio', linkedinUrl='linkedin.com/dave'}
]]></system-out>
  </testcase>
  <testcase name="updateEmployee_reassignProfile_shouldUpdateFK" classname="com.training.onetoone.OneToOneUnidirectionalTests" time="0.028">
    <system-out><![CDATA[&amp#27;[35m[Hibernate]&amp#27;[0m 
    &amp#27;[34minsert&amp#27;[0m 
    &amp#27;[34minto&amp#27;[0m
        oto_uni_profiles
        (bio, linkedin_url, profile_id) 
    &amp#27;[34mvalues&amp#27;[0m
        (?, ?, &amp#27;[34mdefault&amp#27;[0m)
&amp#27;[35m[Hibernate]&amp#27;[0m 
    &amp#27;[34minsert&amp#27;[0m 
    &amp#27;[34minto&amp#27;[0m
        oto_uni_employees
        (city, name, fk_profile_id, emp_id) 
    &amp#27;[34mvalues&amp#27;[0m
        (?, ?, ?, &amp#27;[34mdefault&amp#27;[0m)
&amp#27;[35m[Hibernate]&amp#27;[0m 
    &amp#27;[34minsert&amp#27;[0m 
    &amp#27;[34minto&amp#27;[0m
        oto_uni_profiles
        (bio, linkedin_url, profile_id) 
    &amp#27;[34mvalues&amp#27;[0m
        (?, ?, &amp#27;[34mdefault&amp#27;[0m)
&amp#27;[35m[Hibernate]&amp#27;[0m 
    &amp#27;[34mselect&amp#27;[0m
        e1_0.emp_id,
        e1_0.city,
        e1_0.name,
        e1_0.fk_profile_id 
    &amp#27;[34mfrom&amp#27;[0m
        oto_uni_employees e1_0 
    &amp#27;[34mwhere&amp#27;[0m
        e1_0.emp_id=?
&amp#27;[35m[Hibernate]&amp#27;[0m 
    &amp#27;[34mselect&amp#27;[0m
        p1_0.profile_id,
        p1_0.bio,
        p1_0.linkedin_url 
    &amp#27;[34mfrom&amp#27;[0m
        oto_uni_profiles p1_0 
    &amp#27;[34mwhere&amp#27;[0m
        p1_0.profile_id=?
&amp#27;[35m[Hibernate]&amp#27;[0m 
    &amp#27;[34mupdate&amp#27;[0m
        oto_uni_employees 
    &amp#27;[34mset&amp#27;[0m
        city=?,
        name=?,
        fk_profile_id=? 
    &amp#27;[34mwhere&amp#27;[0m
        emp_id=?
&amp#27;[35m[Hibernate]&amp#27;[0m 
    &amp#27;[34mselect&amp#27;[0m
        e1_0.emp_id,
        e1_0.city,
        e1_0.name,
        e1_0.fk_profile_id 
    &amp#27;[34mfrom&amp#27;[0m
        oto_uni_employees e1_0 
    &amp#27;[34mwhere&amp#27;[0m
        e1_0.emp_id=?
&amp#27;[35m[Hibernate]&amp#27;[0m 
    &amp#27;[34mselect&amp#27;[0m
        p1_0.profile_id,
        p1_0.bio,
        p1_0.linkedin_url 
    &amp#27;[34mfrom&amp#27;[0m
        oto_uni_profiles p1_0 
    &amp#27;[34mwhere&amp#27;[0m
        p1_0.profile_id=?

[TEST] Updated employee profile FK -> 8
]]></system-out>
  </testcase>
</testsuite>