<?xml version="1.0" encoding="UTF-8"?>
<testsuite xmlns:xsi="http://www.w3.org/2001/XMLSchema-instance" xsi:noNamespaceSchemaLocation="https://maven.apache.org/surefire/maven-surefire-plugin/xsd/surefire-test-report.xsd" version="3.0.2" name="com.training.onetomany.OneToManyBidirectionalTests" time="0.239" tests="6" errors="0" skipped="0" failures="0">
  <properties>
[...]
</properties>
  <testcase name="addEmployeeToExistingDept_shouldUpdateRelationship" classname="com.training.onetomany.OneToManyBidirectionalTests" time="0.009">
    <system-out><![CDATA[2026-03-02T11:14:25.532+05:30  INFO 67918 --- [week5-01-jpa-entity-relationships-03012026] [           main] t.c.s.AnnotationConfigContextLoaderUtils : Could not detect default configuration classes for test class [com.training.onetomany.OneToManyBidirectionalTests]: OneToManyBidirectionalTests does not declare any static, non-private, non-final, nested classes annotated with @Configuration.
2026-03-02T11:14:25.534+05:30  INFO 67918 --- [week5-01-jpa-entity-relationships-03012026] [           main] .b.t.c.SpringBootTestContextBootstrapper : Found @SpringBootConfiguration com.training.JpaEntityRelationshipsApplication for test class com.training.onetomany.OneToManyBidirectionalTests

  .   ____          _            __ _ _
 /\\ / ___'_ __ _ _(_)_ __  __ _ \ \ \ \
( ( )\___ | '_ | '_| | '_ \/ _` | \ \ \ \
 \\/  ___)| |_)| | | | | || (_| |  ) ) ) )
  '  |____| .__|_| |_|_| |_\__, | / / / /
 =========|_|==============|___/=/_/_/_/

 :: Spring Boot ::                (v3.4.1)

2026-03-02T11:14:25.555+05:30  INFO 67918 --- [week5-01-jpa-entity-relationships-03012026] [           main] c.t.o.OneToManyBidirectionalTests        : Starting OneToManyBidirectionalTests using Java 23 with PID 67918 (started by vishalshah in /Users/vishalshah/reva-java-0202-batch/week5-01-jpa-entity-relationships-03012026)
2026-03-02T11:14:25.555+05:30  INFO 67918 --- [week5-01-jpa-entity-relationships-03012026] [           main] c.t.o.OneToManyBidirectionalTests        : No active profile set, falling back to 1 default profile: "default"
2026-03-02T11:14:25.601+05:30  INFO 67918 --- [week5-01-jpa-entity-relationships-03012026] [           main] .s.d.r.c.RepositoryConfigurationDelegate : Bootstrapping Spring Data JPA repositories in DEFAULT mode.
2026-03-02T11:14:25.605+05:30  INFO 67918 --- [week5-01-jpa-entity-relationships-03012026] [           main] .s.d.r.c.RepositoryConfigurationDelegate : Finished Spring Data repository scanning in 2 ms. Found 2 JPA repository interfaces.
2026-03-02T11:14:25.618+05:30  INFO 67918 --- [week5-01-jpa-entity-relationships-03012026] [           main] beddedDataSourceBeanFactoryPostProcessor : Replacing 'dataSource' DataSource bean with embedded version
2026-03-02T11:14:25.624+05:30  INFO 67918 --- [week5-01-jpa-entity-relationships-03012026] [           main] o.s.j.d.e.EmbeddedDatabaseFactory        : Starting embedded database: url='jdbc:h2:mem:572311a7-fc54-4836-83db-636b689a10cf;DB_CLOSE_DELAY=-1;DB_CLOSE_ON_EXIT=false', username='sa'
2026-03-02T11:14:25.632+05:30  INFO 67918 --- [week5-01-jpa-entity-relationships-03012026] [           main] o.hibernate.jpa.internal.util.LogHelper  : HHH000204: Processing PersistenceUnitInfo [name: default]
2026-03-02T11:14:25.633+05:30  INFO 67918 --- [week5-01-jpa-entity-relationships-03012026] [           main] o.h.c.internal.RegionFactoryInitiator    : HHH000026: Second-level cache disabled
2026-03-02T11:14:25.637+05:30  INFO 67918 --- [week5-01-jpa-entity-relationships-03012026] [           main] o.s.o.j.p.SpringPersistenceUnitInfo      : No LoadTimeWeaver setup: ignoring JPA class transformer
2026-03-02T11:14:25.638+05:30  INFO 67918 --- [week5-01-jpa-entity-relationships-03012026] [           main] org.hibernate.orm.connections.pooling    : HHH10001005: Database info:
	Database JDBC URL [Connecting through datasource 'org.springframework.jdbc.datasource.embedded.EmbeddedDatabaseFactory$EmbeddedDataSourceProxy@3128be29']
	Database driver: undefined/unknown
	Database version: 2.3.232
	Autocommit mode: undefined/unknown
	Isolation level: undefined/unknown
	Minimum pool size: undefined/unknown
	Maximum pool size: undefined/unknown
2026-03-02T11:14:25.673+05:30  INFO 67918 --- [week5-01-jpa-entity-relationships-03012026] [           main] o.h.e.t.j.p.i.JtaPlatformInitiator       : HHH000489: No JTA platform available (set 'hibernate.transaction.jta.platform' to enable JTA platform integration)
&amp#27;[35m[Hibernate]&amp#27;[0m 
    &amp#27;[34mcreate&amp#27;[0m &amp#27;[34mtable&amp#27;[0m otm_bi_departments (
        dept_id &amp#27;[34mbigint&amp#27;[0m generated &amp#27;[34mby&amp#27;[0m &amp#27;[34mdefault&amp#27;[0m &amp#27;[34mas&amp#27;[0m &amp#27;[34midentity&amp#27;[0m,
        dept_name &amp#27;[34mvarchar&amp#27;[0m(255) &amp#27;[34mnot&amp#27;[0m &amp#27;[34mnull&amp#27;[0m,
        location &amp#27;[34mvarchar&amp#27;[0m(255),
        &amp#27;[34mprimary&amp#27;[0m &amp#27;[34mkey&amp#27;[0m (dept_id)
    )
&amp#27;[35m[Hibernate]&amp#27;[0m 
    &amp#27;[34mcreate&amp#27;[0m &amp#27;[34mtable&amp#27;[0m otm_bi_employees (
        emp_id &amp#27;[34mbigint&amp#27;[0m generated &amp#27;[34mby&amp#27;[0m &amp#27;[34mdefault&amp#27;[0m &amp#27;[34mas&amp#27;[0m &amp#27;[34midentity&amp#27;[0m,
        city &amp#27;[34mvarchar&amp#27;[0m(255),
        name &amp#27;[34mvarchar&amp#27;[0m(255) &amp#27;[34mnot&amp#27;[0m &amp#27;[34mnull&amp#27;[0m,
        salary &amp#27;[34mfloat&amp#27;[0m(53),
        fk_dept_id &amp#27;[34mbigint&amp#27;[0m &amp#27;[34mnot&amp#27;[0m &amp#27;[34mnull&amp#27;[0m,
        &amp#27;[34mprimary&amp#27;[0m &amp#27;[34mkey&amp#27;[0m (emp_id)
    )
&amp#27;[35m[Hibernate]&amp#27;[0m 
    &amp#27;[34malter&amp#27;[0m &amp#27;[34mtable&amp#27;[0m &amp#27;[34mif&amp#27;[0m &amp#27;[34mexists&amp#27;[0m otm_bi_employees 
       &amp#27;[34madd&amp#27;[0m &amp#27;[34mconstraint&amp#27;[0m FKa3kt7w2ve7k6051iqcuwws96p 
       &amp#27;[34mforeign&amp#27;[0m &amp#27;[34mkey&amp#27;[0m (fk_dept_id) 
       &amp#27;[34mreferences&amp#27;[0m otm_bi_departments
2026-03-02T11:14:25.678+05:30  INFO 67918 --- [week5-01-jpa-entity-relationships-03012026] [           main] j.LocalContainerEntityManagerFactoryBean : Initialized JPA EntityManagerFactory for persistence unit 'default'
2026-03-02T11:14:25.717+05:30  INFO 67918 --- [week5-01-jpa-entity-relationships-03012026] [           main] c.t.o.OneToManyBidirectionalTests        : Started OneToManyBidirectionalTests in 0.178 seconds (process running for 6.373)
&amp#27;[35m[Hibernate]&amp#27;[0m 
    &amp#27;[34minsert&amp#27;[0m 
    &amp#27;[34minto&amp#27;[0m
        otm_bi_departments
        (dept_name, location, dept_id) 
    &amp#27;[34mvalues&amp#27;[0m
        (?, ?, &amp#27;[34mdefault&amp#27;[0m)
&amp#27;[35m[Hibernate]&amp#27;[0m 
    &amp#27;[34minsert&amp#27;[0m 
    &amp#27;[34minto&amp#27;[0m
        otm_bi_employees
        (city, fk_dept_id, name, salary, emp_id) 
    &amp#27;[34mvalues&amp#27;[0m
        (?, ?, ?, ?, &amp#27;[34mdefault&amp#27;[0m)
&amp#27;[35m[Hibernate]&amp#27;[0m 
    &amp#27;[34mselect&amp#27;[0m
        d1_0.dept_id,
        d1_0.dept_name,
        d1_0.location 
    &amp#27;[34mfrom&amp#27;[0m
        otm_bi_departments d1_0 
    &amp#27;[34mwhere&amp#27;[0m
        d1_0.dept_id=?
&amp#27;[35m[Hibernate]&amp#27;[0m 
    &amp#27;[34minsert&amp#27;[0m 
    &amp#27;[34minto&amp#27;[0m
        otm_bi_employees
        (city, fk_dept_id, name, salary, emp_id) 
    &amp#27;[34mvalues&amp#27;[0m
        (?, ?, ?, ?, &amp#27;[34mdefault&amp#27;[0m)
&amp#27;[35m[Hibernate]&amp#27;[0m 
    &amp#27;[34mselect&amp#27;[0m
        d1_0.dept_id,
        d1_0.dept_name,
        d1_0.location 
    &amp#27;[34mfrom&amp#27;[0m
        otm_bi_departments d1_0 
    &amp#27;[34mwhere&amp#27;[0m
        d1_0.dept_id=?
&amp#27;[35m[Hibernate]&amp#27;[0m 
    &amp#27;[34mselect&amp#27;[0m
        e1_0.fk_dept_id,
        e1_0.emp_id,
        e1_0.city,
        e1_0.name,
        e1_0.salary 
    &amp#27;[34mfrom&amp#27;[0m
        otm_bi_employees e1_0 
    &amp#27;[34mwhere&amp#27;[0m
        e1_0.fk_dept_id=?

[TEST] Added new employee to existing dept. Total: 2
]]></system-out>
  </testcase>
  <testcase name="findEmployeesByDepartment_usesOwningSideFK" classname="com.training.onetomany.OneToManyBidirectionalTests" time="0.01">
    <system-out><![CDATA[&amp#27;[35m[Hibernate]&amp#27;[0m 
    &amp#27;[34minsert&amp#27;[0m 
    &amp#27;[34minto&amp#27;[0m
        otm_bi_departments
        (dept_name, location, dept_id) 
    &amp#27;[34mvalues&amp#27;[0m
        (?, ?, &amp#27;[34mdefault&amp#27;[0m)
&amp#27;[35m[Hibernate]&amp#27;[0m 
    &amp#27;[34minsert&amp#27;[0m 
    &amp#27;[34minto&amp#27;[0m
        otm_bi_employees
        (city, fk_dept_id, name, salary, emp_id) 
    &amp#27;[34mvalues&amp#27;[0m
        (?, ?, ?, ?, &amp#27;[34mdefault&amp#27;[0m)
&amp#27;[35m[Hibernate]&amp#27;[0m 
    &amp#27;[34minsert&amp#27;[0m 
    &amp#27;[34minto&amp#27;[0m
        otm_bi_employees
        (city, fk_dept_id, name, salary, emp_id) 
    &amp#27;[34mvalues&amp#27;[0m
        (?, ?, ?, ?, &amp#27;[34mdefault&amp#27;[0m)
&amp#27;[35m[Hibernate]&amp#27;[0m 
    &amp#27;[34minsert&amp#27;[0m 
    &amp#27;[34minto&amp#27;[0m
        otm_bi_departments
        (dept_name, location, dept_id) 
    &amp#27;[34mvalues&amp#27;[0m
        (?, ?, &amp#27;[34mdefault&amp#27;[0m)
&amp#27;[35m[Hibernate]&amp#27;[0m 
    &amp#27;[34minsert&amp#27;[0m 
    &amp#27;[34minto&amp#27;[0m
        otm_bi_employees
        (city, fk_dept_id, name, salary, emp_id) 
    &amp#27;[34mvalues&amp#27;[0m
        (?, ?, ?, ?, &amp#27;[34mdefault&amp#27;[0m)
&amp#27;[35m[Hibernate]&amp#27;[0m 
    &amp#27;[34mselect&amp#27;[0m
        d1_0.dept_id,
        d1_0.dept_name,
        d1_0.location 
    &amp#27;[34mfrom&amp#27;[0m
        otm_bi_departments d1_0 
    &amp#27;[34mwhere&amp#27;[0m
        d1_0.dept_name=?
&amp#27;[35m[Hibernate]&amp#27;[0m 
    &amp#27;[34mselect&amp#27;[0m
        e1_0.emp_id,
        e1_0.city,
        e1_0.fk_dept_id,
        e1_0.name,
        e1_0.salary 
    &amp#27;[34mfrom&amp#27;[0m
        otm_bi_employees e1_0 
    &amp#27;[34mwhere&amp#27;[0m
        e1_0.fk_dept_id=?

[TEST] Queried employees by department (FK-based query): 2
]]></system-out>
  </testcase>
  <testcase name="removeEmployee_fromDeptList_deletesViOrphanRemoval" classname="com.training.onetomany.OneToManyBidirectionalTests" time="0.008">
    <system-out><![CDATA[&amp#27;[35m[Hibernate]&amp#27;[0m 
    &amp#27;[34minsert&amp#27;[0m 
    &amp#27;[34minto&amp#27;[0m
        otm_bi_departments
        (dept_name, location, dept_id) 
    &amp#27;[34mvalues&amp#27;[0m
        (?, ?, &amp#27;[34mdefault&amp#27;[0m)
&amp#27;[35m[Hibernate]&amp#27;[0m 
    &amp#27;[34minsert&amp#27;[0m 
    &amp#27;[34minto&amp#27;[0m
        otm_bi_employees
        (city, fk_dept_id, name, salary, emp_id) 
    &amp#27;[34mvalues&amp#27;[0m
        (?, ?, ?, ?, &amp#27;[34mdefault&amp#27;[0m)
&amp#27;[35m[Hibernate]&amp#27;[0m 
    &amp#27;[34minsert&amp#27;[0m 
    &amp#27;[34minto&amp#27;[0m
        otm_bi_employees
        (city, fk_dept_id, name, salary, emp_id) 
    &amp#27;[34mvalues&amp#27;[0m
        (?, ?, ?, ?, &amp#27;[34mdefault&amp#27;[0m)
&amp#27;[35m[Hibernate]&amp#27;[0m 
    &amp#27;[34mselect&amp#27;[0m
        d1_0.dept_id,
        d1_0.dept_name,
        d1_0.location 
    &amp#27;[34mfrom&amp#27;[0m
        otm_bi_departments d1_0 
    &amp#27;[34mwhere&amp#27;[0m
        d1_0.dept_id=?
&amp#27;[35m[Hibernate]&amp#27;[0m 
    &amp#27;[34mselect&amp#27;[0m
        e1_0.fk_dept_id,
        e1_0.emp_id,
        e1_0.city,
        e1_0.name,
        e1_0.salary 
    &amp#27;[34mfrom&amp#27;[0m
        otm_bi_employees e1_0 
    &amp#27;[34mwhere&amp#27;[0m
        e1_0.fk_dept_id=?
&amp#27;[35m[Hibernate]&amp#27;[0m 
    &amp#27;[34mdelete&amp#27;[0m 
    &amp#27;[34mfrom&amp#27;[0m
        otm_bi_employees 
    &amp#27;[34mwhere&amp#27;[0m
        emp_id=?
&amp#27;[35m[Hibernate]&amp#27;[0m 
    &amp#27;[34mselect&amp#27;[0m
        d1_0.dept_id,
        d1_0.dept_name,
        d1_0.location 
    &amp#27;[34mfrom&amp#27;[0m
        otm_bi_departments d1_0 
    &amp#27;[34mwhere&amp#27;[0m
        d1_0.dept_id=?
&amp#27;[35m[Hibernate]&amp#27;[0m 
    &amp#27;[34mselect&amp#27;[0m
        e1_0.fk_dept_id,
        e1_0.emp_id,
        e1_0.city,
        e1_0.name,
        e1_0.salary 
    &amp#27;[34mfrom&amp#27;[0m
        otm_bi_employees e1_0 
    &amp#27;[34mwhere&amp#27;[0m
        e1_0.fk_dept_id=?
&amp#27;[35m[Hibernate]&amp#27;[0m 
    &amp#27;[34mselect&amp#27;[0m
        e1_0.emp_id,
        e1_0.city,
        e1_0.fk_dept_id,
        e1_0.name,
        e1_0.salary 
    &amp#27;[34mfrom&amp#27;[0m
        otm_bi_employees e1_0 
    &amp#27;[34mwhere&amp#27;[0m
        e1_0.emp_id=?

[TEST] Removed employee from dept -> orphanRemoval deleted from DB
]]></system-out>
  </testcase>
  <testcase name="wrongWay_onlySettingInverseSide_doesNotPersistFK" classname="com.training.onetomany.OneToManyBidirectionalTests" time="0.007">
    <system-out><![CDATA[
[TEST] LESSON: Only owning side (emp.setDepartment) writes FK to DB
[TEST] dept.getEmployees().add(emp) alone does NOT set the FK column
[TEST] Always use dept.addEmployee(emp) helper which sets BOTH sides!
]]></system-out>
  </testcase>
  <testcase name="bidirectionalNavigation_worksBothWays" classname="com.training.onetomany.OneToManyBidirectionalTests" time="0.009">
    <system-out><![CDATA[&amp#27;[35m[Hibernate]&amp#27;[0m 
    &amp#27;[34minsert&amp#27;[0m 
    &amp#27;[34minto&amp#27;[0m
        otm_bi_departments
        (dept_name, location, dept_id) 
    &amp#27;[34mvalues&amp#27;[0m
        (?, ?, &amp#27;[34mdefault&amp#27;[0m)
&amp#27;[35m[Hibernate]&amp#27;[0m 
    &amp#27;[34minsert&amp#27;[0m 
    &amp#27;[34minto&amp#27;[0m
        otm_bi_employees
        (city, fk_dept_id, name, salary, emp_id) 
    &amp#27;[34mvalues&amp#27;[0m
        (?, ?, ?, ?, &amp#27;[34mdefault&amp#27;[0m)
&amp#27;[35m[Hibernate]&amp#27;[0m 
    &amp#27;[34minsert&amp#27;[0m 
    &amp#27;[34minto&amp#27;[0m
        otm_bi_employees
        (city, fk_dept_id, name, salary, emp_id) 
    &amp#27;[34mvalues&amp#27;[0m
        (?, ?, ?, ?, &amp#27;[34mdefault&amp#27;[0m)
&amp#27;[35m[Hibernate]&amp#27;[0m 
    &amp#27;[34mselect&amp#27;[0m
        d1_0.dept_id,
        d1_0.dept_name,
        d1_0.location 
    &amp#27;[34mfrom&amp#27;[0m
        otm_bi_departments d1_0 
    &amp#27;[34mwhere&amp#27;[0m
        d1_0.dept_id=?
&amp#27;[35m[Hibernate]&amp#27;[0m 
    &amp#27;[34mselect&amp#27;[0m
        e1_0.fk_dept_id,
        e1_0.emp_id,
        e1_0.city,
        e1_0.name,
        e1_0.salary 
    &amp#27;[34mfrom&amp#27;[0m
        otm_bi_employees e1_0 
    &amp#27;[34mwhere&amp#27;[0m
        e1_0.fk_dept_id=?

[TEST] Direction 1 - Dept -> Employees: [Employee{empId=8, name='Dave', city='Pune', salary=52000.0}, Employee{empId=9, name='Eve', city='Mumbai', salary=54000.0}]
&amp#27;[35m[Hibernate]&amp#27;[0m 
    &amp#27;[34mselect&amp#27;[0m
        e1_0.emp_id,
        e1_0.city,
        e1_0.fk_dept_id,
        e1_0.name,
        e1_0.salary 
    &amp#27;[34mfrom&amp#27;[0m
        otm_bi_employees e1_0 
    &amp#27;[34mleft&amp#27;[0m &amp#27;[34mjoin&amp#27;[0m
        otm_bi_departments d1_0 
            &amp#27;[34mon&amp#27;[0m d1_0.dept_id=e1_0.fk_dept_id 
    &amp#27;[34mwhere&amp#27;[0m
        d1_0.dept_id=?
[TEST] Direction 2 - Employee -> Dept: Department{deptId=5, deptName='Marketing', location='Pune', employeeCount=2}
]]></system-out>
  </testcase>
  <testcase name="saveDepartmentWithEmployees_usingHelper_shouldPersistFKCorrectly" classname="com.training.onetomany.OneToManyBidirectionalTests" time="0.006">
    <system-out><![CDATA[&amp#27;[35m[Hibernate]&amp#27;[0m 
    &amp#27;[34minsert&amp#27;[0m 
    &amp#27;[34minto&amp#27;[0m
        otm_bi_departments
        (dept_name, location, dept_id) 
    &amp#27;[34mvalues&amp#27;[0m
        (?, ?, &amp#27;[34mdefault&amp#27;[0m)
&amp#27;[35m[Hibernate]&amp#27;[0m 
    &amp#27;[34minsert&amp#27;[0m 
    &amp#27;[34minto&amp#27;[0m
        otm_bi_employees
        (city, fk_dept_id, name, salary, emp_id) 
    &amp#27;[34mvalues&amp#27;[0m
        (?, ?, ?, ?, &amp#27;[34mdefault&amp#27;[0m)
&amp#27;[35m[Hibernate]&amp#27;[0m 
    &amp#27;[34minsert&amp#27;[0m 
    &amp#27;[34minto&amp#27;[0m
        otm_bi_employees
        (city, fk_dept_id, name, salary, emp_id) 
    &amp#27;[34mvalues&amp#27;[0m
        (?, ?, ?, ?, &amp#27;[34mdefault&amp#27;[0m)
&amp#27;[35m[Hibernate]&amp#27;[0m 
    &amp#27;[34mselect&amp#27;[0m
        d1_0.dept_id,
        d1_0.dept_name,
        d1_0.location 
    &amp#27;[34mfrom&amp#27;[0m
        otm_bi_departments d1_0 
    &amp#27;[34mwhere&amp#27;[0m
        d1_0.dept_id=?
&amp#27;[35m[Hibernate]&amp#27;[0m 
    &amp#27;[34mselect&amp#27;[0m
        e1_0.fk_dept_id,
        e1_0.emp_id,
        e1_0.city,
        e1_0.name,
        e1_0.salary 
    &amp#27;[34mfrom&amp#27;[0m
        otm_bi_employees e1_0 
    &amp#27;[34mwhere&amp#27;[0m
        e1_0.fk_dept_id=?

[TEST] Department saved with employees via helper: Engineering
[TEST] Employee -> Department (OWNING side navigation): Department{deptId=6, deptName='Engineering', location='Bangalore', employeeCount=2}
[TEST] NOTE: Check SQL - INSERT with FK included (no extra UPDATE!)
]]></system-out>
  </testcase>
</testsuite>