<?xml version="1.0" encoding="UTF-8"?>
<testsuite xmlns:xsi="http://www.w3.org/2001/XMLSchema-instance" xsi:noNamespaceSchemaLocation="https://maven.apache.org/surefire/maven-surefire-plugin/xsd/surefire-test-report.xsd" version="3.0.2" name="com.training.manytomany.ManyToManyBidirectionalTests" time="0.31" tests="6" errors="0" skipped="0" failures="0">
  <properties>
[...]
</properties>
  <testcase name="owningSideOnly_writesToJoinTable" classname="com.training.manytomany.ManyToManyBidirectionalTests" time="0.012">
    <system-out><![CDATA[2026-03-02T11:14:24.955+05:30  INFO 67918 --- [week5-01-jpa-entity-relationships-03012026] [           main] t.c.s.AnnotationConfigContextLoaderUtils : Could not detect default configuration classes for test class [com.training.manytomany.ManyToManyBidirectionalTests]: ManyToManyBidirectionalTests does not declare any static, non-private, non-final, nested classes annotated with @Configuration.
2026-03-02T11:14:24.957+05:30  INFO 67918 --- [week5-01-jpa-entity-relationships-03012026] [           main] .b.t.c.SpringBootTestContextBootstrapper : Found @SpringBootConfiguration com.training.JpaEntityRelationshipsApplication for test class com.training.manytomany.ManyToManyBidirectionalTests

  .   ____          _            __ _ _
 /\\ / ___'_ __ _ _(_)_ __  __ _ \ \ \ \
( ( )\___ | '_ | '_| | '_ \/ _` | \ \ \ \
 \\/  ___)| |_)| | | | | || (_| |  ) ) ) )
  '  |____| .__|_| |_|_| |_\__, | / / / /
 =========|_|==============|___/=/_/_/_/

 :: Spring Boot ::                (v3.4.1)

2026-03-02T11:14:24.981+05:30  INFO 67918 --- [week5-01-jpa-entity-relationships-03012026] [           main] c.t.m.ManyToManyBidirectionalTests       : Starting ManyToManyBidirectionalTests using Java 23 with PID 67918 (started by vishalshah in /Users/vishalshah/reva-java-0202-batch/week5-01-jpa-entity-relationships-03012026)
2026-03-02T11:14:24.982+05:30  INFO 67918 --- [week5-01-jpa-entity-relationships-03012026] [           main] c.t.m.ManyToManyBidirectionalTests       : No active profile set, falling back to 1 default profile: "default"
2026-03-02T11:14:25.029+05:30  INFO 67918 --- [week5-01-jpa-entity-relationships-03012026] [           main] .s.d.r.c.RepositoryConfigurationDelegate : Bootstrapping Spring Data JPA repositories in DEFAULT mode.
2026-03-02T11:14:25.035+05:30  INFO 67918 --- [week5-01-jpa-entity-relationships-03012026] [           main] .s.d.r.c.RepositoryConfigurationDelegate : Finished Spring Data repository scanning in 5 ms. Found 2 JPA repository interfaces.
2026-03-02T11:14:25.052+05:30  INFO 67918 --- [week5-01-jpa-entity-relationships-03012026] [           main] beddedDataSourceBeanFactoryPostProcessor : Replacing 'dataSource' DataSource bean with embedded version
2026-03-02T11:14:25.062+05:30  INFO 67918 --- [week5-01-jpa-entity-relationships-03012026] [           main] o.s.j.d.e.EmbeddedDatabaseFactory        : Starting embedded database: url='jdbc:h2:mem:638130cd-9962-4a56-84da-b80d4d57f7ff;DB_CLOSE_DELAY=-1;DB_CLOSE_ON_EXIT=false', username='sa'
2026-03-02T11:14:25.076+05:30  INFO 67918 --- [week5-01-jpa-entity-relationships-03012026] [           main] o.hibernate.jpa.internal.util.LogHelper  : HHH000204: Processing PersistenceUnitInfo [name: default]
2026-03-02T11:14:25.078+05:30  INFO 67918 --- [week5-01-jpa-entity-relationships-03012026] [           main] o.h.c.internal.RegionFactoryInitiator    : HHH000026: Second-level cache disabled
2026-03-02T11:14:25.082+05:30  INFO 67918 --- [week5-01-jpa-entity-relationships-03012026] [           main] o.s.o.j.p.SpringPersistenceUnitInfo      : No LoadTimeWeaver setup: ignoring JPA class transformer
2026-03-02T11:14:25.084+05:30  INFO 67918 --- [week5-01-jpa-entity-relationships-03012026] [           main] org.hibernate.orm.connections.pooling    : HHH10001005: Database info:
	Database JDBC URL [Connecting through datasource 'org.springframework.jdbc.datasource.embedded.EmbeddedDatabaseFactory$EmbeddedDataSourceProxy@5f2312f3']
	Database driver: undefined/unknown
	Database version: 2.3.232
	Autocommit mode: undefined/unknown
	Isolation level: undefined/unknown
	Minimum pool size: undefined/unknown
	Maximum pool size: undefined/unknown
2026-03-02T11:14:25.122+05:30  INFO 67918 --- [week5-01-jpa-entity-relationships-03012026] [           main] o.h.e.t.j.p.i.JtaPlatformInitiator       : HHH000489: No JTA platform available (set 'hibernate.transaction.jta.platform' to enable JTA platform integration)
&amp#27;[35m[Hibernate]&amp#27;[0m 
    &amp#27;[34mcreate&amp#27;[0m &amp#27;[34mtable&amp#27;[0m mtm_bi_courses (
        course_id &amp#27;[34mbigint&amp#27;[0m generated &amp#27;[34mby&amp#27;[0m &amp#27;[34mdefault&amp#27;[0m &amp#27;[34mas&amp#27;[0m &amp#27;[34midentity&amp#27;[0m,
        course_name &amp#27;[34mvarchar&amp#27;[0m(255) &amp#27;[34mnot&amp#27;[0m &amp#27;[34mnull&amp#27;[0m,
        duration_weeks &amp#27;[34minteger&amp#27;[0m,
        instructor &amp#27;[34mvarchar&amp#27;[0m(255),
        &amp#27;[34mprimary&amp#27;[0m &amp#27;[34mkey&amp#27;[0m (course_id)
    )
&amp#27;[35m[Hibernate]&amp#27;[0m 
    &amp#27;[34mcreate&amp#27;[0m &amp#27;[34mtable&amp#27;[0m mtm_bi_student_courses (
        student_id &amp#27;[34mbigint&amp#27;[0m &amp#27;[34mnot&amp#27;[0m &amp#27;[34mnull&amp#27;[0m,
        course_id &amp#27;[34mbigint&amp#27;[0m &amp#27;[34mnot&amp#27;[0m &amp#27;[34mnull&amp#27;[0m
    )
&amp#27;[35m[Hibernate]&amp#27;[0m 
    &amp#27;[34mcreate&amp#27;[0m &amp#27;[34mtable&amp#27;[0m mtm_bi_students (
        student_id &amp#27;[34mbigint&amp#27;[0m generated &amp#27;[34mby&amp#27;[0m &amp#27;[34mdefault&amp#27;[0m &amp#27;[34mas&amp#27;[0m &amp#27;[34midentity&amp#27;[0m,
        email &amp#27;[34mvarchar&amp#27;[0m(255),
        name &amp#27;[34mvarchar&amp#27;[0m(255) &amp#27;[34mnot&amp#27;[0m &amp#27;[34mnull&amp#27;[0m,
        &amp#27;[34mprimary&amp#27;[0m &amp#27;[34mkey&amp#27;[0m (student_id)
    )
&amp#27;[35m[Hibernate]&amp#27;[0m 
    &amp#27;[34malter&amp#27;[0m &amp#27;[34mtable&amp#27;[0m &amp#27;[34mif&amp#27;[0m &amp#27;[34mexists&amp#27;[0m mtm_bi_students 
       &amp#27;[34mdrop&amp#27;[0m &amp#27;[34mconstraint&amp#27;[0m &amp#27;[34mif&amp#27;[0m &amp#27;[34mexists&amp#27;[0m UKov353sbqe4tukadfi065hbogc
&amp#27;[35m[Hibernate]&amp#27;[0m 
    &amp#27;[34malter&amp#27;[0m &amp#27;[34mtable&amp#27;[0m &amp#27;[34mif&amp#27;[0m &amp#27;[34mexists&amp#27;[0m mtm_bi_students 
       &amp#27;[34madd&amp#27;[0m &amp#27;[34mconstraint&amp#27;[0m UKov353sbqe4tukadfi065hbogc &amp#27;[34munique&amp#27;[0m (email)
&amp#27;[35m[Hibernate]&amp#27;[0m 
    &amp#27;[34malter&amp#27;[0m &amp#27;[34mtable&amp#27;[0m &amp#27;[34mif&amp#27;[0m &amp#27;[34mexists&amp#27;[0m mtm_bi_student_courses 
       &amp#27;[34madd&amp#27;[0m &amp#27;[34mconstraint&amp#27;[0m FKjdvbo311qa36iavxlahml3uts 
       &amp#27;[34mforeign&amp#27;[0m &amp#27;[34mkey&amp#27;[0m (course_id) 
       &amp#27;[34mreferences&amp#27;[0m mtm_bi_courses
&amp#27;[35m[Hibernate]&amp#27;[0m 
    &amp#27;[34malter&amp#27;[0m &amp#27;[34mtable&amp#27;[0m &amp#27;[34mif&amp#27;[0m &amp#27;[34mexists&amp#27;[0m mtm_bi_student_courses 
       &amp#27;[34madd&amp#27;[0m &amp#27;[34mconstraint&amp#27;[0m FKex381c2u98wrupgh1n2enxby7 
       &amp#27;[34mforeign&amp#27;[0m &amp#27;[34mkey&amp#27;[0m (student_id) 
       &amp#27;[34mreferences&amp#27;[0m mtm_bi_students
2026-03-02T11:14:25.127+05:30  INFO 67918 --- [week5-01-jpa-entity-relationships-03012026] [           main] j.LocalContainerEntityManagerFactoryBean : Initialized JPA EntityManagerFactory for persistence unit 'default'
2026-03-02T11:14:25.194+05:30  INFO 67918 --- [week5-01-jpa-entity-relationships-03012026] [           main] c.t.m.ManyToManyBidirectionalTests       : Started ManyToManyBidirectionalTests in 0.235 seconds (process running for 5.851)
&amp#27;[35m[Hibernate]&amp#27;[0m 
    &amp#27;[34minsert&amp#27;[0m 
    &amp#27;[34minto&amp#27;[0m
        mtm_bi_courses
        (course_name, duration_weeks, instructor, course_id) 
    &amp#27;[34mvalues&amp#27;[0m
        (?, ?, ?, &amp#27;[34mdefault&amp#27;[0m)
&amp#27;[35m[Hibernate]&amp#27;[0m 
    &amp#27;[34minsert&amp#27;[0m 
    &amp#27;[34minto&amp#27;[0m
        mtm_bi_students
        (email, name, student_id) 
    &amp#27;[34mvalues&amp#27;[0m
        (?, ?, &amp#27;[34mdefault&amp#27;[0m)
&amp#27;[35m[Hibernate]&amp#27;[0m 
    &amp#27;[34mselect&amp#27;[0m
        c1_0.course_id,
        c1_0.course_name,
        c1_0.duration_weeks,
        c1_0.instructor 
    &amp#27;[34mfrom&amp#27;[0m
        mtm_bi_courses c1_0 
    &amp#27;[34mwhere&amp#27;[0m
        c1_0.course_id=?
&amp#27;[35m[Hibernate]&amp#27;[0m 
    &amp#27;[34mselect&amp#27;[0m
        s1_0.student_id,
        s1_0.email,
        s1_0.name 
    &amp#27;[34mfrom&amp#27;[0m
        mtm_bi_students s1_0 
    &amp#27;[34mwhere&amp#27;[0m
        s1_0.student_id=?
&amp#27;[35m[Hibernate]&amp#27;[0m 
    &amp#27;[34mselect&amp#27;[0m
        s1_0.student_id,
        s1_0.email,
        s1_0.name 
    &amp#27;[34mfrom&amp#27;[0m
        mtm_bi_students s1_0 
    &amp#27;[34mwhere&amp#27;[0m
        s1_0.student_id=?
&amp#27;[35m[Hibernate]&amp#27;[0m 
    &amp#27;[34mselect&amp#27;[0m
        c1_0.student_id,
        c1_1.course_id,
        c1_1.course_name,
        c1_1.duration_weeks,
        c1_1.instructor 
    &amp#27;[34mfrom&amp#27;[0m
        mtm_bi_student_courses c1_0 
    &amp#27;[34mjoin&amp#27;[0m
        mtm_bi_courses c1_1 
            &amp#27;[34mon&amp#27;[0m c1_1.course_id=c1_0.course_id 
    &amp#27;[34mwhere&amp#27;[0m
        c1_0.student_id=?

[TEST] LESSON: course.students.add(student) is IGNORED by JPA
[TEST] Only student.courses.add(course) writes to join table
[TEST] Alice's courses (join table): 0 (expected 0)
&amp#27;[35m[Hibernate]&amp#27;[0m 
    &amp#27;[34mselect&amp#27;[0m
        c1_0.course_id,
        c1_0.course_name,
        c1_0.duration_weeks,
        c1_0.instructor 
    &amp#27;[34mfrom&amp#27;[0m
        mtm_bi_courses c1_0 
    &amp#27;[34mwhere&amp#27;[0m
        c1_0.course_id=?
&amp#27;[35m[Hibernate]&amp#27;[0m 
    &amp#27;[34minsert&amp#27;[0m 
    &amp#27;[34minto&amp#27;[0m
        mtm_bi_student_courses
        (student_id, course_id) 
    &amp#27;[34mvalues&amp#27;[0m
        (?, ?)
&amp#27;[35m[Hibernate]&amp#27;[0m 
    &amp#27;[34mselect&amp#27;[0m
        s1_0.student_id,
        s1_0.email,
        s1_0.name 
    &amp#27;[34mfrom&amp#27;[0m
        mtm_bi_students s1_0 
    &amp#27;[34mwhere&amp#27;[0m
        s1_0.student_id=?
&amp#27;[35m[Hibernate]&amp#27;[0m 
    &amp#27;[34mselect&amp#27;[0m
        c1_0.student_id,
        c1_1.course_id,
        c1_1.course_name,
        c1_1.duration_weeks,
        c1_1.instructor 
    &amp#27;[34mfrom&amp#27;[0m
        mtm_bi_student_courses c1_0 
    &amp#27;[34mjoin&amp#27;[0m
        mtm_bi_courses c1_1 
            &amp#27;[34mon&amp#27;[0m c1_1.course_id=c1_0.course_id 
    &amp#27;[34mwhere&amp#27;[0m
        c1_0.student_id=?
[TEST] After correct way (student.enrollInCourse): 1 course(s)
]]></system-out>
  </testcase>
  <testcase name="enrollInCourseHelper_keepsBothSidesSynced" classname="com.training.manytomany.ManyToManyBidirectionalTests" time="0.007">
    <system-out><![CDATA[&amp#27;[35m[Hibernate]&amp#27;[0m 
    &amp#27;[34minsert&amp#27;[0m 
    &amp#27;[34minto&amp#27;[0m
        mtm_bi_courses
        (course_name, duration_weeks, instructor, course_id) 
    &amp#27;[34mvalues&amp#27;[0m
        (?, ?, ?, &amp#27;[34mdefault&amp#27;[0m)
&amp#27;[35m[Hibernate]&amp#27;[0m 
    &amp#27;[34minsert&amp#27;[0m 
    &amp#27;[34minto&amp#27;[0m
        mtm_bi_students
        (email, name, student_id) 
    &amp#27;[34mvalues&amp#27;[0m
        (?, ?, &amp#27;[34mdefault&amp#27;[0m)
&amp#27;[35m[Hibernate]&amp#27;[0m 
    &amp#27;[34minsert&amp#27;[0m 
    &amp#27;[34minto&amp#27;[0m
        mtm_bi_student_courses
        (student_id, course_id) 
    &amp#27;[34mvalues&amp#27;[0m
        (?, ?)
&amp#27;[35m[Hibernate]&amp#27;[0m 
    &amp#27;[34mselect&amp#27;[0m
        s1_0.student_id,
        s1_0.email,
        s1_0.name 
    &amp#27;[34mfrom&amp#27;[0m
        mtm_bi_students s1_0 
    &amp#27;[34mwhere&amp#27;[0m
        s1_0.student_id=?
&amp#27;[35m[Hibernate]&amp#27;[0m 
    &amp#27;[34mselect&amp#27;[0m
        c1_0.course_id,
        c1_0.course_name,
        c1_0.duration_weeks,
        c1_0.instructor 
    &amp#27;[34mfrom&amp#27;[0m
        mtm_bi_courses c1_0 
    &amp#27;[34mwhere&amp#27;[0m
        c1_0.course_id=?
&amp#27;[35m[Hibernate]&amp#27;[0m 
    &amp#27;[34mselect&amp#27;[0m
        c1_0.student_id,
        c1_1.course_id,
        c1_1.course_name,
        c1_1.duration_weeks,
        c1_1.instructor 
    &amp#27;[34mfrom&amp#27;[0m
        mtm_bi_student_courses c1_0 
    &amp#27;[34mjoin&amp#27;[0m
        mtm_bi_courses c1_1 
            &amp#27;[34mon&amp#27;[0m c1_1.course_id=c1_0.course_id 
    &amp#27;[34mwhere&amp#27;[0m
        c1_0.student_id=?
&amp#27;[35m[Hibernate]&amp#27;[0m 
    &amp#27;[34mselect&amp#27;[0m
        s1_0.course_id,
        s1_1.student_id,
        s1_1.email,
        s1_1.name 
    &amp#27;[34mfrom&amp#27;[0m
        mtm_bi_student_courses s1_0 
    &amp#27;[34mjoin&amp#27;[0m
        mtm_bi_students s1_1 
            &amp#27;[34mon&amp#27;[0m s1_1.student_id=s1_0.student_id 
    &amp#27;[34mwhere&amp#27;[0m
        s1_0.course_id=?

[TEST] Helper method kept both sides in sync:
[TEST] alice.getCourses() = 1
[TEST] java.getStudents() = 1
]]></system-out>
  </testcase>
  <testcase name="deleteStudent_doesNotDeleteCourses" classname="com.training.manytomany.ManyToManyBidirectionalTests" time="0.017">
    <system-out><![CDATA[&amp#27;[35m[Hibernate]&amp#27;[0m 
    &amp#27;[34minsert&amp#27;[0m 
    &amp#27;[34minto&amp#27;[0m
        mtm_bi_courses
        (course_name, duration_weeks, instructor, course_id) 
    &amp#27;[34mvalues&amp#27;[0m
        (?, ?, ?, &amp#27;[34mdefault&amp#27;[0m)
&amp#27;[35m[Hibernate]&amp#27;[0m 
    &amp#27;[34minsert&amp#27;[0m 
    &amp#27;[34minto&amp#27;[0m
        mtm_bi_courses
        (course_name, duration_weeks, instructor, course_id) 
    &amp#27;[34mvalues&amp#27;[0m
        (?, ?, ?, &amp#27;[34mdefault&amp#27;[0m)
&amp#27;[35m[Hibernate]&amp#27;[0m 
    &amp#27;[34minsert&amp#27;[0m 
    &amp#27;[34minto&amp#27;[0m
        mtm_bi_students
        (email, name, student_id) 
    &amp#27;[34mvalues&amp#27;[0m
        (?, ?, &amp#27;[34mdefault&amp#27;[0m)
&amp#27;[35m[Hibernate]&amp#27;[0m 
    &amp#27;[34minsert&amp#27;[0m 
    &amp#27;[34minto&amp#27;[0m
        mtm_bi_student_courses
        (student_id, course_id) 
    &amp#27;[34mvalues&amp#27;[0m
        (?, ?)
&amp#27;[35m[Hibernate]&amp#27;[0m 
    &amp#27;[34minsert&amp#27;[0m 
    &amp#27;[34minto&amp#27;[0m
        mtm_bi_student_courses
        (student_id, course_id) 
    &amp#27;[34mvalues&amp#27;[0m
        (?, ?)
&amp#27;[35m[Hibernate]&amp#27;[0m 
    &amp#27;[34mselect&amp#27;[0m
        s1_0.student_id,
        s1_0.email,
        s1_0.name 
    &amp#27;[34mfrom&amp#27;[0m
        mtm_bi_students s1_0 
    &amp#27;[34mwhere&amp#27;[0m
        s1_0.student_id=?
&amp#27;[35m[Hibernate]&amp#27;[0m 
    &amp#27;[34mselect&amp#27;[0m
        c1_0.student_id,
        c1_1.course_id,
        c1_1.course_name,
        c1_1.duration_weeks,
        c1_1.instructor 
    &amp#27;[34mfrom&amp#27;[0m
        mtm_bi_student_courses c1_0 
    &amp#27;[34mjoin&amp#27;[0m
        mtm_bi_courses c1_1 
            &amp#27;[34mon&amp#27;[0m c1_1.course_id=c1_0.course_id 
    &amp#27;[34mwhere&amp#27;[0m
        c1_0.student_id=?
&amp#27;[35m[Hibernate]&amp#27;[0m 
    &amp#27;[34mdelete&amp#27;[0m 
    &amp#27;[34mfrom&amp#27;[0m
        mtm_bi_student_courses 
    &amp#27;[34mwhere&amp#27;[0m
        student_id=?
&amp#27;[35m[Hibernate]&amp#27;[0m 
    &amp#27;[34mdelete&amp#27;[0m 
    &amp#27;[34mfrom&amp#27;[0m
        mtm_bi_students 
    &amp#27;[34mwhere&amp#27;[0m
        student_id=?
&amp#27;[35m[Hibernate]&amp#27;[0m 
    &amp#27;[34mselect&amp#27;[0m
        s1_0.student_id,
        s1_0.email,
        s1_0.name 
    &amp#27;[34mfrom&amp#27;[0m
        mtm_bi_students s1_0 
    &amp#27;[34mwhere&amp#27;[0m
        s1_0.student_id=?

[TEST] Deleted student Alice
[TEST] Java course still exists: true
[TEST] Spring Boot course still exists: true
[TEST] LESSON: Never use cascade=REMOVE on @ManyToMany!
]]></system-out>
  </testcase>
  <testcase name="singleJoinTable_ownedByStudentSide" classname="com.training.manytomany.ManyToManyBidirectionalTests" time="0.007">
    <system-out><![CDATA[&amp#27;[35m[Hibernate]&amp#27;[0m 
    &amp#27;[34minsert&amp#27;[0m 
    &amp#27;[34minto&amp#27;[0m
        mtm_bi_courses
        (course_name, duration_weeks, instructor, course_id) 
    &amp#27;[34mvalues&amp#27;[0m
        (?, ?, ?, &amp#27;[34mdefault&amp#27;[0m)
&amp#27;[35m[Hibernate]&amp#27;[0m 
    &amp#27;[34minsert&amp#27;[0m 
    &amp#27;[34minto&amp#27;[0m
        mtm_bi_students
        (email, name, student_id) 
    &amp#27;[34mvalues&amp#27;[0m
        (?, ?, &amp#27;[34mdefault&amp#27;[0m)
&amp#27;[35m[Hibernate]&amp#27;[0m 
    &amp#27;[34minsert&amp#27;[0m 
    &amp#27;[34minto&amp#27;[0m
        mtm_bi_student_courses
        (student_id, course_id) 
    &amp#27;[34mvalues&amp#27;[0m
        (?, ?)
&amp#27;[35m[Hibernate]&amp#27;[0m 
    &amp#27;[34mselect&amp#27;[0m
        s1_0.student_id,
        s1_0.email,
        s1_0.name 
    &amp#27;[34mfrom&amp#27;[0m
        mtm_bi_students s1_0 
    &amp#27;[34mwhere&amp#27;[0m
        s1_0.student_id=?
&amp#27;[35m[Hibernate]&amp#27;[0m 
    &amp#27;[34mselect&amp#27;[0m
        c1_0.student_id,
        c1_1.course_id,
        c1_1.course_name,
        c1_1.duration_weeks,
        c1_1.instructor 
    &amp#27;[34mfrom&amp#27;[0m
        mtm_bi_student_courses c1_0 
    &amp#27;[34mjoin&amp#27;[0m
        mtm_bi_courses c1_1 
            &amp#27;[34mon&amp#27;[0m c1_1.course_id=c1_0.course_id 
    &amp#27;[34mwhere&amp#27;[0m
        c1_0.student_id=?
&amp#27;[35m[Hibernate]&amp#27;[0m 
    &amp#27;[34mselect&amp#27;[0m
        s1_0.course_id,
        s1_1.student_id,
        s1_1.email,
        s1_1.name 
    &amp#27;[34mfrom&amp#27;[0m
        mtm_bi_student_courses s1_0 
    &amp#27;[34mjoin&amp#27;[0m
        mtm_bi_students s1_1 
            &amp#27;[34mon&amp#27;[0m s1_1.student_id=s1_0.student_id 
    &amp#27;[34mwhere&amp#27;[0m
        s1_0.course_id=?

[TEST] Single join table stores: student_id=4, course_id=5
[TEST] Both sides read from the SAME join table (mtm_bi_student_courses)
[TEST] Student side defined the table via @JoinTable
[TEST] Course side reads via mappedBy='courses'
]]></system-out>
  </testcase>
  <testcase name="bidirectionalNavigation_worksBothWays" classname="com.training.manytomany.ManyToManyBidirectionalTests" time="0.01">
    <system-out><![CDATA[&amp#27;[35m[Hibernate]&amp#27;[0m 
    &amp#27;[34minsert&amp#27;[0m 
    &amp#27;[34minto&amp#27;[0m
        mtm_bi_courses
        (course_name, duration_weeks, instructor, course_id) 
    &amp#27;[34mvalues&amp#27;[0m
        (?, ?, ?, &amp#27;[34mdefault&amp#27;[0m)
&amp#27;[35m[Hibernate]&amp#27;[0m 
    &amp#27;[34minsert&amp#27;[0m 
    &amp#27;[34minto&amp#27;[0m
        mtm_bi_courses
        (course_name, duration_weeks, instructor, course_id) 
    &amp#27;[34mvalues&amp#27;[0m
        (?, ?, ?, &amp#27;[34mdefault&amp#27;[0m)
&amp#27;[35m[Hibernate]&amp#27;[0m 
    &amp#27;[34minsert&amp#27;[0m 
    &amp#27;[34minto&amp#27;[0m
        mtm_bi_students
        (email, name, student_id) 
    &amp#27;[34mvalues&amp#27;[0m
        (?, ?, &amp#27;[34mdefault&amp#27;[0m)
&amp#27;[35m[Hibernate]&amp#27;[0m 
    &amp#27;[34minsert&amp#27;[0m 
    &amp#27;[34minto&amp#27;[0m
        mtm_bi_students
        (email, name, student_id) 
    &amp#27;[34mvalues&amp#27;[0m
        (?, ?, &amp#27;[34mdefault&amp#27;[0m)
&amp#27;[35m[Hibernate]&amp#27;[0m 
    &amp#27;[34minsert&amp#27;[0m 
    &amp#27;[34minto&amp#27;[0m
        mtm_bi_student_courses
        (student_id, course_id) 
    &amp#27;[34mvalues&amp#27;[0m
        (?, ?)
&amp#27;[35m[Hibernate]&amp#27;[0m 
    &amp#27;[34minsert&amp#27;[0m 
    &amp#27;[34minto&amp#27;[0m
        mtm_bi_student_courses
        (student_id, course_id) 
    &amp#27;[34mvalues&amp#27;[0m
        (?, ?)
&amp#27;[35m[Hibernate]&amp#27;[0m 
    &amp#27;[34minsert&amp#27;[0m 
    &amp#27;[34minto&amp#27;[0m
        mtm_bi_student_courses
        (student_id, course_id) 
    &amp#27;[34mvalues&amp#27;[0m
        (?, ?)
&amp#27;[35m[Hibernate]&amp#27;[0m 
    &amp#27;[34mselect&amp#27;[0m
        s1_0.student_id,
        s1_0.email,
        s1_0.name 
    &amp#27;[34mfrom&amp#27;[0m
        mtm_bi_students s1_0 
    &amp#27;[34mwhere&amp#27;[0m
        s1_0.student_id=?
&amp#27;[35m[Hibernate]&amp#27;[0m 
    &amp#27;[34mselect&amp#27;[0m
        c1_0.student_id,
        c1_1.course_id,
        c1_1.course_name,
        c1_1.duration_weeks,
        c1_1.instructor 
    &amp#27;[34mfrom&amp#27;[0m
        mtm_bi_student_courses c1_0 
    &amp#27;[34mjoin&amp#27;[0m
        mtm_bi_courses c1_1 
            &amp#27;[34mon&amp#27;[0m c1_1.course_id=c1_0.course_id 
    &amp#27;[34mwhere&amp#27;[0m
        c1_0.student_id=?

[TEST] Alice's courses: 2
&amp#27;[35m[Hibernate]&amp#27;[0m 
    &amp#27;[34mselect&amp#27;[0m
        s1_0.course_id,
        s1_1.student_id,
        s1_1.email,
        s1_1.name 
    &amp#27;[34mfrom&amp#27;[0m
        mtm_bi_student_courses s1_0 
    &amp#27;[34mjoin&amp#27;[0m
        mtm_bi_students s1_1 
            &amp#27;[34mon&amp#27;[0m s1_1.student_id=s1_0.student_id 
    &amp#27;[34mwhere&amp#27;[0m
        s1_0.course_id=?
[TEST] Students in Java course: 2
]]></system-out>
  </testcase>
  <testcase name="jpqlQueries_workFromBothSides" classname="com.training.manytomany.ManyToManyBidirectionalTests" time="0.01">
    <system-out><![CDATA[&amp#27;[35m[Hibernate]&amp#27;[0m 
    &amp#27;[34minsert&amp#27;[0m 
    &amp#27;[34minto&amp#27;[0m
        mtm_bi_courses
        (course_name, duration_weeks, instructor, course_id) 
    &amp#27;[34mvalues&amp#27;[0m
        (?, ?, ?, &amp#27;[34mdefault&amp#27;[0m)
&amp#27;[35m[Hibernate]&amp#27;[0m 
    &amp#27;[34minsert&amp#27;[0m 
    &amp#27;[34minto&amp#27;[0m
        mtm_bi_courses
        (course_name, duration_weeks, instructor, course_id) 
    &amp#27;[34mvalues&amp#27;[0m
        (?, ?, ?, &amp#27;[34mdefault&amp#27;[0m)
&amp#27;[35m[Hibernate]&amp#27;[0m 
    &amp#27;[34minsert&amp#27;[0m 
    &amp#27;[34minto&amp#27;[0m
        mtm_bi_students
        (email, name, student_id) 
    &amp#27;[34mvalues&amp#27;[0m
        (?, ?, &amp#27;[34mdefault&amp#27;[0m)
&amp#27;[35m[Hibernate]&amp#27;[0m 
    &amp#27;[34minsert&amp#27;[0m 
    &amp#27;[34minto&amp#27;[0m
        mtm_bi_students
        (email, name, student_id) 
    &amp#27;[34mvalues&amp#27;[0m
        (?, ?, &amp#27;[34mdefault&amp#27;[0m)
&amp#27;[35m[Hibernate]&amp#27;[0m 
    &amp#27;[34minsert&amp#27;[0m 
    &amp#27;[34minto&amp#27;[0m
        mtm_bi_student_courses
        (student_id, course_id) 
    &amp#27;[34mvalues&amp#27;[0m
        (?, ?)
&amp#27;[35m[Hibernate]&amp#27;[0m 
    &amp#27;[34minsert&amp#27;[0m 
    &amp#27;[34minto&amp#27;[0m
        mtm_bi_student_courses
        (student_id, course_id) 
    &amp#27;[34mvalues&amp#27;[0m
        (?, ?)
&amp#27;[35m[Hibernate]&amp#27;[0m 
    &amp#27;[34minsert&amp#27;[0m 
    &amp#27;[34minto&amp#27;[0m
        mtm_bi_student_courses
        (student_id, course_id) 
    &amp#27;[34mvalues&amp#27;[0m
        (?, ?)
&amp#27;[35m[Hibernate]&amp#27;[0m 
    &amp#27;[34mselect&amp#27;[0m
        s1_0.student_id,
        s1_0.email,
        s1_0.name 
    &amp#27;[34mfrom&amp#27;[0m
        mtm_bi_students s1_0 
    &amp#27;[34mjoin&amp#27;[0m
        mtm_bi_student_courses c1_0 
            &amp#27;[34mon&amp#27;[0m s1_0.student_id=c1_0.student_id 
    &amp#27;[34mwhere&amp#27;[0m
        c1_0.course_id=?
&amp#27;[35m[Hibernate]&amp#27;[0m 
    &amp#27;[34mselect&amp#27;[0m
        c1_0.course_id,
        c1_0.course_name,
        c1_0.duration_weeks,
        c1_0.instructor 
    &amp#27;[34mfrom&amp#27;[0m
        mtm_bi_courses c1_0 
    &amp#27;[34mjoin&amp#27;[0m
        mtm_bi_student_courses s1_0 
            &amp#27;[34mon&amp#27;[0m c1_0.course_id=s1_0.course_id 
    &amp#27;[34mwhere&amp#27;[0m
        s1_0.student_id=?

[TEST] JPQL from Student side - Students in Java: 2
[TEST] JPQL from Course side - Alice's courses: 2
[TEST] Bidirectional enables JPQL navigation from both sides!
]]></system-out>
  </testcase>
</testsuite>