<?xml version="1.0" encoding="UTF-8"?>
<testng-results ignored="0" total="2" passed="2" failed="0" skipped="0">
  <reporter-output>
  </reporter-output>
  <suite started-at="2026-03-27T10:29:55 IST" name="Surefire suite" finished-at="2026-03-27T10:30:02 IST" duration-ms="7591">
    <groups>
    </groups>
    <test started-at="2026-03-27T10:29:55 IST" name="Surefire test" finished-at="2026-03-27T10:30:02 IST" duration-ms="7591">
      <class name="com.testing.FirstTest">
        <test-method is-config="true" signature="setUp()[pri:0, instance:com.testing.FirstTest@74294adb]" started-at="2026-03-27T10:29:55 IST" name="setUp" finished-at="2026-03-27T10:29:59 IST" duration-ms="3822" status="PASS">
          <reporter-output>
          </reporter-output>
        </test-method> <!-- setUp -->
        <test-method signature="verifyLoginFormVisible()[pri:0, instance:com.testing.FirstTest@74294adb]" started-at="2026-03-27T10:29:59 IST" name="verifyLoginFormVisible" finished-at="2026-03-27T10:30:00 IST" duration-ms="846" status="PASS">
          <reporter-output>
          </reporter-output>
        </test-method> <!-- verifyLoginFormVisible -->
        <test-method is-config="true" signature="tearDown()[pri:0, instance:com.testing.FirstTest@74294adb]" started-at="2026-03-27T10:30:00 IST" name="tearDown" finished-at="2026-03-27T10:30:00 IST" duration-ms="502" status="PASS">
          <reporter-output>
          </reporter-output>
        </test-method> <!-- tearDown -->
        <test-method is-config="true" signature="setUp()[pri:0, instance:com.testing.FirstTest@74294adb]" started-at="2026-03-27T10:30:00 IST" name="setUp" finished-at="2026-03-27T10:30:01 IST" duration-ms="1400" status="PASS">
          <reporter-output>
          </reporter-output>
        </test-method> <!-- setUp -->
        <test-method signature="verifyPageTitle()[pri:0, instance:com.testing.FirstTest@74294adb]" started-at="2026-03-27T10:30:01 IST" name="verifyPageTitle" finished-at="2026-03-27T10:30:02 IST" duration-ms="609" status="PASS">
          <reporter-output>
          </reporter-output>
        </test-method> <!-- verifyPageTitle -->
        <test-method is-config="true" signature="tearDown()[pri:0, instance:com.testing.FirstTest@74294adb]" started-at="2026-03-27T10:30:02 IST" name="tearDown" finished-at="2026-03-27T10:30:02 IST" duration-ms="380" status="PASS">
          <reporter-output>
          </reporter-output>
        </test-method> <!-- tearDown -->
      </class> <!-- com.testing.FirstTest -->
    </test> <!-- Surefire test -->
  </suite> <!-- Surefire suite -->
</testng-results>
